[ 2015-04-28T16:02:08+08:00 ] ::1 /HyFrame/index.php/User/Teacher/all.html
INFO: [ app_init ] --START--
INFO: Run Behavior\BuildLiteBehavior [ RunTime:0.000054s ]
INFO: [ app_init ] --END-- [ RunTime:0.000794s ]
INFO: [ app_begin ] --START--
INFO: Run Behavior\ReadHtmlCacheBehavior [ RunTime:0.000642s ]
INFO: [ app_begin ] --END-- [ RunTime:0.000850s ]
NOTIC: [2048] Declaration of Common\Model\HyFrameModel::find() should be compatible with Think\Model::find($options = Array) F:\Projects\WebSites\HyFrame\Application\Common\Model\HyFrameModel.class.php 第 12 行.
SQL: SHOW COLUMNS FROM `homyit_teacher` [ RunTime:0.0042s ]
NOTIC: [2] Missing argument 1 for Common\Model\HyAllModel::getPageOptions(), called in F:\Projects\WebSites\HyFrame\Application\Common\Model\HyAllModel.class.php on line 122 and defined F:\Projects\WebSites\HyFrame\Application\Common\Model\HyAllModel.class.php 第 130 行.
NOTIC: [8] Undefined variable: key F:\Projects\WebSites\HyFrame\Application\Common\Model\HyAllModel.class.php 第 131 行.
NOTIC: [8] Undefined index: _string F:\Projects\WebSites\HyFrame\Application\Common\Model\HyFrameModel.class.php 第 342 行.
INFO: [ action_begin ] --START--
INFO: Run Common\Behavior\HyLogBehavior [ RunTime:0.000941s ]
INFO: [ action_begin ] --END-- [ RunTime:0.001087s ]
SQL: SELECT `id`,`category`,`icon`,`message`,`url`,`type`,`create_time` FROM `homyit_frame_alert` where CONCAT(',',to_users) LIKE '%,100640,%' AND ( `read_users` is NULL OR CONCAT(',',`read_users`) NOT LIKE '%,100640,%') AND `status`=1 ORDER BY `id` DESC [ RunTime:0.0010s ]
NOTIC: [8] Undefined index: pagetitle F:\Projects\WebSites\HyFrame\Application\Common\Model\HyAllModel.class.php 第 169 行.
INFO: [ hy_log ] --START--
NOTIC: [8] Undefined variable: sql F:\Projects\WebSites\HyFrame\Application\Common\Behavior\HyLogBehavior.class.php 第 24 行.
INFO: Run Common\Behavior\HyLogBehavior [ RunTime:0.000087s ]
INFO: [ hy_log ] --END-- [ RunTime:0.000212s ]
INFO: [ hy_log ] --START--
NOTIC: [8] Undefined index: style F:\Projects\WebSites\HyFrame\Application\Common\Behavior\HyLogBehavior.class.php 第 16 行.
NOTIC: [8] Undefined index: sql F:\Projects\WebSites\HyFrame\Application\Common\Behavior\HyLogBehavior.class.php 第 18 行.
INFO: Run Common\Behavior\HyLogBehavior [ RunTime:0.000151s ]
INFO: [ hy_log ] --END-- [ RunTime:-0.000150s ]
NOTIC: [8] Undefined index: pagetitle F:\Projects\WebSites\HyFrame\Application\Common\Model\HyAllModel.class.php 第 169 行.
NOTIC: [8] Undefined index: all F:\Projects\WebSites\HyFrame\Application\Common\Model\HyAllModel.class.php 第 652 行.
NOTIC: [8] Undefined index: type F:\Projects\WebSites\HyFrame\Application\Common\Model\HyAllModel.class.php 第 187 行.
NOTIC: [8] Undefined index: type F:\Projects\WebSites\HyFrame\Application\Common\Model\HyAllModel.class.php 第 189 行.
NOTIC: [8] Undefined index: title F:\Projects\WebSites\HyFrame\Application\Common\Model\HyAllModel.class.php 第 184 行.
NOTIC: [8] Undefined index: list F:\Projects\WebSites\HyFrame\Application\Common\Model\HyAllModel.class.php 第 184 行.
NOTIC: [8] Undefined index: title F:\Projects\WebSites\HyFrame\Application\Common\Model\HyAllModel.class.php 第 185 行.
NOTIC: [8] Undefined index: title F:\Projects\WebSites\HyFrame\Application\Common\Model\HyAllModel.class.php 第 185 行.
NOTIC: [8] Undefined index: search F:\Projects\WebSites\HyFrame\Application\Common\Model\HyAllModel.class.php 第 187 行.
NOTIC: [8] Undefined index: form F:\Projects\WebSites\HyFrame\Application\Common\Model\HyAllModel.class.php 第 189 行.
NOTIC: [8] Undefined index: list F:\Projects\WebSites\HyFrame\Application\Common\Model\HyAllModel.class.php 第 187 行.
NOTIC: [8] Undefined index: search F:\Projects\WebSites\HyFrame\Application\Common\Model\HyAllModel.class.php 第 187 行.
NOTIC: [8] Undefined index: type F:\Projects\WebSites\HyFrame\Application\Common\Model\HyAllModel.class.php 第 189 行.
NOTIC: [8] Undefined index: options F:\Projects\WebSites\HyFrame\Application\Common\Model\HyAllModel.class.php 第 187 行.
NOTIC: [8] Undefined index: search F:\Projects\WebSites\HyFrame\Application\Common\Model\HyAllModel.class.php 第 187 行.
NOTIC: [8] Undefined index: type F:\Projects\WebSites\HyFrame\Application\Common\Model\HyAllModel.class.php 第 189 行.
NOTIC: [8] Undefined index: search F:\Projects\WebSites\HyFrame\Application\Common\Model\HyAllModel.class.php 第 187 行.
NOTIC: [8] Undefined index: form F:\Projects\WebSites\HyFrame\Application\Common\Model\HyAllModel.class.php 第 189 行.
NOTIC: [8] Undefined index: title F:\Projects\WebSites\HyFrame\Application\Common\Model\HyAllModel.class.php 第 184 行.
NOTIC: [8] Undefined index: list F:\Projects\WebSites\HyFrame\Application\Common\Model\HyAllModel.class.php 第 184 行.
NOTIC: [8] Undefined index: title F:\Projects\WebSites\HyFrame\Application\Common\Model\HyAllModel.class.php 第 185 行.
NOTIC: [8] Undefined index: search F:\Projects\WebSites\HyFrame\Application\Common\Model\HyAllModel.class.php 第 187 行.
NOTIC: [8] Undefined index: title F:\Projects\WebSites\HyFrame\Application\Common\Model\HyAllModel.class.php 第 184 行.
NOTIC: [8] Undefined index: list F:\Projects\WebSites\HyFrame\Application\Common\Model\HyAllModel.class.php 第 184 行.
NOTIC: [8] Undefined index: title F:\Projects\WebSites\HyFrame\Application\Common\Model\HyAllModel.class.php 第 185 行.
NOTIC: [8] Undefined index: search F:\Projects\WebSites\HyFrame\Application\Common\Model\HyAllModel.class.php 第 187 行.
NOTIC: [8] Undefined index: title F:\Projects\WebSites\HyFrame\Application\Common\Model\HyAllModel.class.php 第 184 行.
NOTIC: [8] Undefined index: list F:\Projects\WebSites\HyFrame\Application\Common\Model\HyAllModel.class.php 第 184 行.
NOTIC: [8] Undefined index: title F:\Projects\WebSites\HyFrame\Application\Common\Model\HyAllModel.class.php 第 185 行.
NOTIC: [8] Undefined index: title F:\Projects\WebSites\HyFrame\Application\Common\Model\HyAllModel.class.php 第 185 行.
NOTIC: [8] Undefined index: search F:\Projects\WebSites\HyFrame\Application\Common\Model\HyAllModel.class.php 第 187 行.
NOTIC: [8] Undefined index: form F:\Projects\WebSites\HyFrame\Application\Common\Model\HyAllModel.class.php 第 189 行.
NOTIC: [8] Undefined index: title F:\Projects\WebSites\HyFrame\Application\Common\Model\HyAllModel.class.php 第 184 行.
NOTIC: [8] Undefined index: list F:\Projects\WebSites\HyFrame\Application\Common\Model\HyAllModel.class.php 第 184 行.
NOTIC: [8] Undefined index: title F:\Projects\WebSites\HyFrame\Application\Common\Model\HyAllModel.class.php 第 185 行.
NOTIC: [8] Undefined index: search F:\Projects\WebSites\HyFrame\Application\Common\Model\HyAllModel.class.php 第 187 行.
NOTIC: [8] Undefined index: type F:\Projects\WebSites\HyFrame\Application\Common\Model\HyAllModel.class.php 第 189 行.
NOTIC: [8] Undefined index: title F:\Projects\WebSites\HyFrame\Application\Common\Model\HyAllModel.class.php 第 184 行.
NOTIC: [8] Undefined index: title F:\Projects\WebSites\HyFrame\Application\Common\Model\HyAllModel.class.php 第 185 行.
NOTIC: [8] Undefined index: form F:\Projects\WebSites\HyFrame\Application\Common\Model\HyAllModel.class.php 第 185 行.
NOTIC: [8] Undefined index: search F:\Projects\WebSites\HyFrame\Application\Common\Model\HyAllModel.class.php 第 187 行.
NOTIC: [8] Undefined index: form F:\Projects\WebSites\HyFrame\Application\Common\Model\HyAllModel.class.php 第 189 行.
NOTIC: [8] Undefined index: title F:\Projects\WebSites\HyFrame\Application\Common\Model\HyAllModel.class.php 第 184 行.
NOTIC: [8] Undefined index: list F:\Projects\WebSites\HyFrame\Application\Common\Model\HyAllModel.class.php 第 184 行.
NOTIC: [8] Undefined index: title F:\Projects\WebSites\HyFrame\Application\Common\Model\HyAllModel.class.php 第 185 行.
NOTIC: [8] Undefined index: search F:\Projects\WebSites\HyFrame\Application\Common\Model\HyAllModel.class.php 第 187 行.
NOTIC: [8] Undefined index: initJS F:\Projects\WebSites\HyFrame\Application\Common\Model\HyAllModel.class.php 第 131 行.
INFO: [ view_parse ] --START--
INFO: [ template_filter ] --START--
INFO: Run Behavior\ContentReplaceBehavior [ RunTime:0.000281s ]
INFO: [ template_filter ] --END-- [ RunTime:0.000433s ]
NOTIC: [8] Undefined variable: _assets F:\Projects\WebSites\HyFrame\Runtime\Cache\User\9c07dc003a2105c82c74ba68c02f614c.php 第 32 行.
NOTIC: [8] Undefined variable: _assets F:\Projects\WebSites\HyFrame\Runtime\Cache\User\9c07dc003a2105c82c74ba68c02f614c.php 第 33 行.
NOTIC: [8] Undefined variable: _assets F:\Projects\WebSites\HyFrame\Runtime\Cache\User\9c07dc003a2105c82c74ba68c02f614c.php 第 34 行.
NOTIC: [8] Undefined variable: _developers F:\Projects\WebSites\HyFrame\Runtime\Cache\User\9c07dc003a2105c82c74ba68c02f614c.php 第 49 行.
NOTIC: [8] Undefined variable: _middle F:\Projects\WebSites\HyFrame\Runtime\Cache\User\9c07dc003a2105c82c74ba68c02f614c.php 第 226 行.
NOTIC: [8] Undefined variable: _bottom F:\Projects\WebSites\HyFrame\Runtime\Cache\User\9c07dc003a2105c82c74ba68c02f614c.php 第 245 行.
NOTIC: [8] Undefined variable: _script F:\Projects\WebSites\HyFrame\Runtime\Cache\User\9c07dc003a2105c82c74ba68c02f614c.php 第 304 行.
NOTIC: [8] Undefined variable: _assets F:\Projects\WebSites\HyFrame\Runtime\Cache\User\9c07dc003a2105c82c74ba68c02f614c.php 第 306 行.
NOTIC: [8] Undefined variable: _assets F:\Projects\WebSites\HyFrame\Runtime\Cache\User\9c07dc003a2105c82c74ba68c02f614c.php 第 307 行.
NOTIC: [8] Undefined variable: _assets F:\Projects\WebSites\HyFrame\Runtime\Cache\User\9c07dc003a2105c82c74ba68c02f614c.php 第 308 行.
NOTIC: [8] Undefined variable: jsonMenu F:\Projects\WebSites\HyFrame\Runtime\Cache\User\9c07dc003a2105c82c74ba68c02f614c.php 第 318 行.
INFO: Run Behavior\ParseTemplateBehavior [ RunTime:0.031534s ]
INFO: [ view_parse ] --END-- [ RunTime:0.031669s ]
INFO: [ view_filter ] --START--
INFO: Run Behavior\WriteHtmlCacheBehavior [ RunTime:0.000501s ]
INFO: [ view_filter ] --END-- [ RunTime:0.000630s ]
INFO: [ app_end ] --START--
INFO: Run Behavior\ShowPageTraceBehavior [ RunTime:0.000829s ]
INFO: [ app_end ] --END-- [ RunTime:0.001063s ]

[ 2015-04-28T16:02:09+08:00 ] ::1 /HyFrame/index.php/User/Teacher/ajax?q=list&draw=1&order%5Bfield%5D=_checkbox&start=0&length=10&_=1430208128869
INFO: [ app_init ] --START--
INFO: Run Behavior\BuildLiteBehavior [ RunTime:0.000031s ]
INFO: [ app_init ] --END-- [ RunTime:0.000464s ]
INFO: [ app_begin ] --START--
INFO: Run Behavior\ReadHtmlCacheBehavior [ RunTime:0.000494s ]
INFO: [ app_begin ] --END-- [ RunTime:0.000635s ]
NOTIC: [2048] Declaration of Common\Model\HyFrameModel::find() should be compatible with Think\Model::find($options = Array) F:\Projects\WebSites\HyFrame\Application\Common\Model\HyFrameModel.class.php 第 12 行.
SQL: SHOW COLUMNS FROM `homyit_teacher` [ RunTime:0.0036s ]
NOTIC: [2] Missing argument 1 for Common\Model\HyAllModel::getPageOptions(), called in F:\Projects\WebSites\HyFrame\Application\Common\Model\HyAllModel.class.php on line 122 and defined F:\Projects\WebSites\HyFrame\Application\Common\Model\HyAllModel.class.php 第 130 行.
NOTIC: [8] Undefined variable: key F:\Projects\WebSites\HyFrame\Application\Common\Model\HyAllModel.class.php 第 131 行.
NOTIC: [8] Undefined index: _string F:\Projects\WebSites\HyFrame\Application\Common\Model\HyFrameModel.class.php 第 342 行.
INFO: [ action_begin ] --START--
INFO: Run Common\Behavior\HyLogBehavior [ RunTime:0.001577s ]
INFO: [ action_begin ] --END-- [ RunTime:0.001791s ]
SQL: SELECT `id`,`category`,`icon`,`message`,`url`,`type`,`create_time` FROM `homyit_frame_alert` where CONCAT(',',to_users) LIKE '%,100640,%' AND ( `read_users` is NULL OR CONCAT(',',`read_users`) NOT LIKE '%,100640,%') AND `status`=1 ORDER BY `id` DESC [ RunTime:0.0011s ]
NOTIC: [8] Undefined index: pagetitle F:\Projects\WebSites\HyFrame\Application\Common\Model\HyAllModel.class.php 第 169 行.
INFO: [ hy_log ] --START--
NOTIC: [8] Undefined variable: sql F:\Projects\WebSites\HyFrame\Application\Common\Behavior\HyLogBehavior.class.php 第 24 行.
INFO: Run Common\Behavior\HyLogBehavior [ RunTime:0.000128s ]
INFO: [ hy_log ] --END-- [ RunTime:0.000305s ]
INFO: [ hy_log ] --START--
NOTIC: [8] Undefined index: style F:\Projects\WebSites\HyFrame\Application\Common\Behavior\HyLogBehavior.class.php 第 16 行.
NOTIC: [8] Undefined index: sql F:\Projects\WebSites\HyFrame\Application\Common\Behavior\HyLogBehavior.class.php 第 18 行.
INFO: Run Common\Behavior\HyLogBehavior [ RunTime:0.000181s ]
INFO: [ hy_log ] --END-- [ RunTime:-0.000216s ]
NOTIC: [8] Undefined index: noReflect F:\Projects\WebSites\HyFrame\Application\Common\Model\HyFrameModel.class.php 第 136 行.
NOTIC: [8] Undefined index: associate F:\Projects\WebSites\HyFrame\Application\Common\Model\HyFrameModel.class.php 第 136 行.
NOTIC: [8] Undefined index: table F:\Projects\WebSites\HyFrame\Application\Common\Model\HyFrameModel.class.php 第 139 行.
NOTIC: [8] Undefined index: limit F:\Projects\WebSites\HyFrame\Application\Common\Model\HyFrameModel.class.php 第 143 行.
NOTIC: [8] Undefined index: order F:\Projects\WebSites\HyFrame\Application\Common\Model\HyFrameModel.class.php 第 145 行.
NOTIC: [8] Undefined index: noOrder F:\Projects\WebSites\HyFrame\Application\Common\Model\HyFrameModel.class.php 第 145 行.
NOTIC: [8] Undefined index: field F:\Projects\WebSites\HyFrame\Application\Common\Model\HyFrameModel.class.php 第 155 行.
NOTIC: [8] Undefined index: noField F:\Projects\WebSites\HyFrame\Application\Common\Model\HyFrameModel.class.php 第 155 行.
NOTIC: [8] Undefined index: noWhere F:\Projects\WebSites\HyFrame\Application\Common\Model\HyFrameModel.class.php 第 170 行.
NOTIC: [8] Undefined index: noSearch F:\Projects\WebSites\HyFrame\Application\Common\Model\HyFrameModel.class.php 第 173 行.
NOTIC: [8] Undefined index: where F:\Projects\WebSites\HyFrame\Application\Common\Model\HyFrameModel.class.php 第 176 行.
NOTIC: [8] Undefined index: where F:\Projects\WebSites\HyFrame\Application\Common\Model\HyFrameModel.class.php 第 178 行.
NOTIC: [8] Undefined index: join F:\Projects\WebSites\HyFrame\Application\Common\Model\HyFrameModel.class.php 第 189 行.
NOTIC: [8] Undefined offset: 4 F:\Projects\WebSites\HyFrame\Application\Common\Model\HyFrameModel.class.php 第 194 行.
NOTIC: [8] Undefined offset: 5 F:\Projects\WebSites\HyFrame\Application\Common\Model\HyFrameModel.class.php 第 200 行.
NOTIC: [8] Undefined offset: 4 F:\Projects\WebSites\HyFrame\Application\Common\Model\HyFrameModel.class.php 第 201 行.
NOTIC: [8] Undefined index: decrypt F:\Projects\WebSites\HyFrame\Application\Common\Model\HyFrameModel.class.php 第 218 行.
SQL: SELECT 1 FROM `homyit_teacher` `hy` INNER JOIN `homyit_user` AS `user` ON hy.user_id = user.id  WHERE ( TRUE ) AND user.college_id = '1' AND hy.status = 1 AND hy.user_id > 10000  [ RunTime:0.0027s ]
INFO: [ hy_log ] --START--
NOTIC: [8] Undefined index: style F:\Projects\WebSites\HyFrame\Application\Common\Behavior\HyLogBehavior.class.php 第 16 行.
NOTIC: [8] Undefined index: sql F:\Projects\WebSites\HyFrame\Application\Common\Behavior\HyLogBehavior.class.php 第 18 行.
INFO: Run Common\Behavior\HyLogBehavior [ RunTime:0.000128s ]
INFO: [ hy_log ] --END-- [ RunTime:-0.006221s ]
SQL: SHOW COLUMNS FROM `homyit_teacher` [ RunTime:0.0037s ]
SQL: SELECT hy.user_id,hy.department,hy.join_time,hy.job,hy.remark,hy.status,user.user_no,user.roles,user.name,user.sex,user.phone,user.login_last_time,user.avatar_file,user.status AS `user_status` FROM `homyit_teacher` `hy` INNER JOIN `homyit_user` AS `user` ON hy.user_id = user.id  WHERE ( TRUE ) AND user.college_id = '1' AND hy.status = 1 AND hy.user_id > 10000 ORDER BY login_last_time desc LIMIT 10   [ RunTime:0.0041s ]
NOTIC: [8] Undefined index: hidden F:\Projects\WebSites\HyFrame\Application\Common\Model\HyAllModel.class.php 第 334 行.
NOTIC: [8] Undefined index: title F:\Projects\WebSites\HyFrame\Application\Common\Model\HyAllModel.class.php 第 334 行.
NOTIC: [8] Undefined index: list F:\Projects\WebSites\HyFrame\Application\Common\Model\HyAllModel.class.php 第 334 行.
NOTIC: [8] Undefined index: hidden F:\Projects\WebSites\HyFrame\Application\Common\Model\HyAllModel.class.php 第 334 行.
NOTIC: [8] Undefined index: hidden F:\Projects\WebSites\HyFrame\Application\Common\Model\HyAllModel.class.php 第 334 行.
NOTIC: [8] Undefined index: hidden F:\Projects\WebSites\HyFrame\Application\Common\Model\HyAllModel.class.php 第 334 行.
NOTIC: [8] Undefined index: title F:\Projects\WebSites\HyFrame\Application\Common\Model\HyAllModel.class.php 第 334 行.
NOTIC: [8] Undefined index: title F:\Projects\WebSites\HyFrame\Application\Common\Model\HyAllModel.class.php 第 334 行.
NOTIC: [8] Undefined index: title F:\Projects\WebSites\HyFrame\Application\Common\Model\HyAllModel.class.php 第 334 行.
NOTIC: [8] Undefined index: title F:\Projects\WebSites\HyFrame\Application\Common\Model\HyAllModel.class.php 第 334 行.
NOTIC: [8] Undefined index: title F:\Projects\WebSites\HyFrame\Application\Common\Model\HyAllModel.class.php 第 334 行.
NOTIC: [8] Undefined index: title F:\Projects\WebSites\HyFrame\Application\Common\Model\HyAllModel.class.php 第 334 行.
NOTIC: [8] Undefined index: {callback} F:\Projects\WebSites\HyFrame\Application\Common\Model\HyAllModel.class.php 第 537 行.
NOTIC: [8] Undefined index: list F:\Projects\WebSites\HyFrame\Application\Common\Model\HyAllModel.class.php 第 344 行.
NOTIC: [8] Undefined index: list F:\Projects\WebSites\HyFrame\Application\Common\Model\HyAllModel.class.php 第 344 行.
NOTIC: [8] Undefined index: callback F:\Projects\WebSites\HyFrame\Application\Common\Model\HyAllModel.class.php 第 344 行.
NOTIC: [8] Undefined index: callback F:\Projects\WebSites\HyFrame\Application\Common\Model\HyAllModel.class.php 第 344 行.
NOTIC: [8] Undefined index: {callback} F:\Projects\WebSites\HyFrame\Application\Common\Model\HyAllModel.class.php 第 537 行.
NOTIC: [8] Undefined index: {callback} F:\Projects\WebSites\HyFrame\Application\Common\Model\HyAllModel.class.php 第 537 行.
NOTIC: [8] Undefined index: list F:\Projects\WebSites\HyFrame\Application\Common\Model\HyAllModel.class.php 第 344 行.
NOTIC: [8] Undefined index: list F:\Projects\WebSites\HyFrame\Application\Common\Model\HyAllModel.class.php 第 344 行.
NOTIC: [8] Undefined index: list F:\Projects\WebSites\HyFrame\Application\Common\Model\HyAllModel.class.php 第 344 行.
NOTIC: [8] Undefined index: college_id F:\Projects\WebSites\HyFrame\Application\Common\Model\HyAllModel.class.php 第 345 行.
NOTIC: [8] Undefined index: list F:\Projects\WebSites\HyFrame\Application\Common\Model\HyAllModel.class.php 第 344 行.
NOTIC: [8] Undefined index: password F:\Projects\WebSites\HyFrame\Application\Common\Model\HyAllModel.class.php 第 345 行.
NOTIC: [8] Undefined index: {callback} F:\Projects\WebSites\HyFrame\Application\Common\Model\HyAllModel.class.php 第 537 行.
NOTIC: [8] Undefined index: list F:\Projects\WebSites\HyFrame\Application\Common\Model\HyAllModel.class.php 第 344 行.
NOTIC: [8] Undefined index: {callback} F:\Projects\WebSites\HyFrame\Application\Common\Model\HyAllModel.class.php 第 537 行.
NOTIC: [8] Undefined index: list F:\Projects\WebSites\HyFrame\Application\Common\Model\HyAllModel.class.php 第 344 行.
NOTIC: [8] Undefined index: list F:\Projects\WebSites\HyFrame\Application\Common\Model\HyAllModel.class.php 第 344 行.
NOTIC: [8] Undefined index: callback F:\Projects\WebSites\HyFrame\Application\Common\Model\HyAllModel.class.php 第 344 行.
NOTIC: [8] Undefined index: callback F:\Projects\WebSites\HyFrame\Application\Common\Model\HyAllModel.class.php 第 344 行.
NOTIC: [8] Undefined index: {callback} F:\Projects\WebSites\HyFrame\Application\Common\Model\HyAllModel.class.php 第 537 行.
NOTIC: [8] Undefined index: {callback} F:\Projects\WebSites\HyFrame\Application\Common\Model\HyAllModel.class.php 第 537 行.
NOTIC: [8] Undefined index: list F:\Projects\WebSites\HyFrame\Application\Common\Model\HyAllModel.class.php 第 344 行.
NOTIC: [8] Undefined index: list F:\Projects\WebSites\HyFrame\Application\Common\Model\HyAllModel.class.php 第 344 行.
NOTIC: [8] Undefined index: list F:\Projects\WebSites\HyFrame\Application\Common\Model\HyAllModel.class.php 第 344 行.
NOTIC: [8] Undefined index: college_id F:\Projects\WebSites\HyFrame\Application\Common\Model\HyAllModel.class.php 第 345 行.
NOTIC: [8] Undefined index: list F:\Projects\WebSites\HyFrame\Application\Common\Model\HyAllModel.class.php 第 344 行.
NOTIC: [8] Undefined index: password F:\Projects\WebSites\HyFrame\Application\Common\Model\HyAllModel.class.php 第 345 行.
NOTIC: [8] Undefined index: {callback} F:\Projects\WebSites\HyFrame\Application\Common\Model\HyAllModel.class.php 第 537 行.
NOTIC: [8] Undefined index: list F:\Projects\WebSites\HyFrame\Application\Common\Model\HyAllModel.class.php 第 344 行.
NOTIC: [8] Undefined index: {callback} F:\Projects\WebSites\HyFrame\Application\Common\Model\HyAllModel.class.php 第 537 行.
NOTIC: [8] Undefined index: list F:\Projects\WebSites\HyFrame\Application\Common\Model\HyAllModel.class.php 第 344 行.
NOTIC: [8] Undefined index: list F:\Projects\WebSites\HyFrame\Application\Common\Model\HyAllModel.class.php 第 344 行.
NOTIC: [8] Undefined index: callback F:\Projects\WebSites\HyFrame\Application\Common\Model\HyAllModel.class.php 第 344 行.
NOTIC: [8] Undefined index: callback F:\Projects\WebSites\HyFrame\Application\Common\Model\HyAllModel.class.php 第 344 行.
NOTIC: [8] Undefined index: {callback} F:\Projects\WebSites\HyFrame\Application\Common\Model\HyAllModel.class.php 第 537 行.
NOTIC: [8] Undefined index: {callback} F:\Projects\WebSites\HyFrame\Application\Common\Model\HyAllModel.class.php 第 537 行.
NOTIC: [8] Undefined index: list F:\Projects\WebSites\HyFrame\Application\Common\Model\HyAllModel.class.php 第 344 行.
NOTIC: [8] Undefined index: list F:\Projects\WebSites\HyFrame\Application\Common\Model\HyAllModel.class.php 第 344 行.
NOTIC: [8] Undefined index: list F:\Projects\WebSites\HyFrame\Application\Common\Model\HyAllModel.class.php 第 344 行.
NOTIC: [8] Undefined index: college_id F:\Projects\WebSites\HyFrame\Application\Common\Model\HyAllModel.class.php 第 345 行.
NOTIC: [8] Undefined index: list F:\Projects\WebSites\HyFrame\Application\Common\Model\HyAllModel.class.php 第 344 行.
NOTIC: [8] Undefined index: password F:\Projects\WebSites\HyFrame\Application\Common\Model\HyAllModel.class.php 第 345 行.
NOTIC: [8] Undefined index: {callback} F:\Projects\WebSites\HyFrame\Application\Common\Model\HyAllModel.class.php 第 537 行.
NOTIC: [8] Undefined index: list F:\Projects\WebSites\HyFrame\Application\Common\Model\HyAllModel.class.php 第 344 行.
NOTIC: [8] Undefined index: {callback} F:\Projects\WebSites\HyFrame\Application\Common\Model\HyAllModel.class.php 第 537 行.
NOTIC: [8] Undefined index: list F:\Projects\WebSites\HyFrame\Application\Common\Model\HyAllModel.class.php 第 344 行.
NOTIC: [8] Undefined index: list F:\Projects\WebSites\HyFrame\Application\Common\Model\HyAllModel.class.php 第 344 行.
NOTIC: [8] Undefined index: callback F:\Projects\WebSites\HyFrame\Application\Common\Model\HyAllModel.class.php 第 344 行.
NOTIC: [8] Undefined index: callback F:\Projects\WebSites\HyFrame\Application\Common\Model\HyAllModel.class.php 第 344 行.
NOTIC: [8] Undefined index: {callback} F:\Projects\WebSites\HyFrame\Application\Common\Model\HyAllModel.class.php 第 537 行.
NOTIC: [8] Undefined index: {callback} F:\Projects\WebSites\HyFrame\Application\Common\Model\HyAllModel.class.php 第 537 行.
NOTIC: [8] Undefined index: list F:\Projects\WebSites\HyFrame\Application\Common\Model\HyAllModel.class.php 第 344 行.
NOTIC: [8] Undefined index: list F:\Projects\WebSites\HyFrame\Application\Common\Model\HyAllModel.class.php 第 344 行.
NOTIC: [8] Undefined index: list F:\Projects\WebSites\HyFrame\Application\Common\Model\HyAllModel.class.php 第 344 行.
NOTIC: [8] Undefined index: college_id F:\Projects\WebSites\HyFrame\Application\Common\Model\HyAllModel.class.php 第 345 行.
NOTIC: [8] Undefined index: list F:\Projects\WebSites\HyFrame\Application\Common\Model\HyAllModel.class.php 第 344 行.
NOTIC: [8] Undefined index: password F:\Projects\WebSites\HyFrame\Application\Common\Model\HyAllModel.class.php 第 345 行.
NOTIC: [8] Undefined index: {callback} F:\Projects\WebSites\HyFrame\Application\Common\Model\HyAllModel.class.php 第 537 行.
NOTIC: [8] Undefined index: list F:\Projects\WebSites\HyFrame\Application\Common\Model\HyAllModel.class.php 第 344 行.
NOTIC: [8] Undefined index: {callback} F:\Projects\WebSites\HyFrame\Application\Common\Model\HyAllModel.class.php 第 537 行.
NOTIC: [8] Undefined index: list F:\Projects\WebSites\HyFrame\Application\Common\Model\HyAllModel.class.php 第 344 行.
NOTIC: [8] Undefined index: list F:\Projects\WebSites\HyFrame\Application\Common\Model\HyAllModel.class.php 第 344 行.
NOTIC: [8] Undefined index: callback F:\Projects\WebSites\HyFrame\Application\Common\Model\HyAllModel.class.php 第 344 行.
NOTIC: [8] Undefined index: callback F:\Projects\WebSites\HyFrame\Application\Common\Model\HyAllModel.class.php 第 344 行.
NOTIC: [8] Undefined index: {callback} F:\Projects\WebSites\HyFrame\Application\Common\Model\HyAllModel.class.php 第 537 行.
NOTIC: [8] Undefined index: {callback} F:\Projects\WebSites\HyFrame\Application\Common\Model\HyAllModel.class.php 第 537 行.
NOTIC: [8] Undefined index: list F:\Projects\WebSites\HyFrame\Application\Common\Model\HyAllModel.class.php 第 344 行.
NOTIC: [8] Undefined index: list F:\Projects\WebSites\HyFrame\Application\Common\Model\HyAllModel.class.php 第 344 行.
NOTIC: [8] Undefined index: list F:\Projects\WebSites\HyFrame\Application\Common\Model\HyAllModel.class.php 第 344 行.
NOTIC: [8] Undefined index: college_id F:\Projects\WebSites\HyFrame\Application\Common\Model\HyAllModel.class.php 第 345 行.
NOTIC: [8] Undefined index: list F:\Projects\WebSites\HyFrame\Application\Common\Model\HyAllModel.class.php 第 344 行.
NOTIC: [8] Undefined index: password F:\Projects\WebSites\HyFrame\Application\Common\Model\HyAllModel.class.php 第 345 行.
NOTIC: [8] Undefined index: {callback} F:\Projects\WebSites\HyFrame\Application\Common\Model\HyAllModel.class.php 第 537 行.
NOTIC: [8] Undefined index: list F:\Projects\WebSites\HyFrame\Application\Common\Model\HyAllModel.class.php 第 344 行.
NOTIC: [8] Undefined index: {callback} F:\Projects\WebSites\HyFrame\Application\Common\Model\HyAllModel.class.php 第 537 行.
NOTIC: [8] Undefined index: list F:\Projects\WebSites\HyFrame\Application\Common\Model\HyAllModel.class.php 第 344 行.
NOTIC: [8] Undefined index: list F:\Projects\WebSites\HyFrame\Application\Common\Model\HyAllModel.class.php 第 344 行.
NOTIC: [8] Undefined index: callback F:\Projects\WebSites\HyFrame\Application\Common\Model\HyAllModel.class.php 第 344 行.
NOTIC: [8] Undefined index: callback F:\Projects\WebSites\HyFrame\Application\Common\Model\HyAllModel.class.php 第 344 行.
NOTIC: [8] Undefined index: {callback} F:\Projects\WebSites\HyFrame\Application\Common\Model\HyAllModel.class.php 第 537 行.
NOTIC: [8] Undefined index: {callback} F:\Projects\WebSites\HyFrame\Application\Common\Model\HyAllModel.class.php 第 537 行.
NOTIC: [8] Undefined index: list F:\Projects\WebSites\HyFrame\Application\Common\Model\HyAllModel.class.php 第 344 行.
NOTIC: [8] Undefined index: list F:\Projects\WebSites\HyFrame\Application\Common\Model\HyAllModel.class.php 第 344 行.
NOTIC: [8] Undefined index: list F:\Projects\WebSites\HyFrame\Application\Common\Model\HyAllModel.class.php 第 344 行.
NOTIC: [8] Undefined index: college_id F:\Projects\WebSites\HyFrame\Application\Common\Model\HyAllModel.class.php 第 345 行.
NOTIC: [8] Undefined index: list F:\Projects\WebSites\HyFrame\Application\Common\Model\HyAllModel.class.php 第 344 行.
NOTIC: [8] Undefined index: password F:\Projects\WebSites\HyFrame\Application\Common\Model\HyAllModel.class.php 第 345 行.
NOTIC: [8] Undefined index: {callback} F:\Projects\WebSites\HyFrame\Application\Common\Model\HyAllModel.class.php 第 537 行.
NOTIC: [8] Undefined index: list F:\Projects\WebSites\HyFrame\Application\Common\Model\HyAllModel.class.php 第 344 行.
NOTIC: [8] Undefined index: {callback} F:\Projects\WebSites\HyFrame\Application\Common\Model\HyAllModel.class.php 第 537 行.
NOTIC: [8] Undefined index: list F:\Projects\WebSites\HyFrame\Application\Common\Model\HyAllModel.class.php 第 344 行.
NOTIC: [8] Undefined index: list F:\Projects\WebSites\HyFrame\Application\Common\Model\HyAllModel.class.php 第 344 行.
NOTIC: [8] Undefined index: callback F:\Projects\WebSites\HyFrame\Application\Common\Model\HyAllModel.class.php 第 344 行.
NOTIC: [8] Undefined index: callback F:\Projects\WebSites\HyFrame\Application\Common\Model\HyAllModel.class.php 第 344 行.
NOTIC: [8] Undefined index: {callback} F:\Projects\WebSites\HyFrame\Application\Common\Model\HyAllModel.class.php 第 537 行.
NOTIC: [8] Undefined index: {callback} F:\Projects\WebSites\HyFrame\Application\Common\Model\HyAllModel.class.php 第 537 行.
NOTIC: [8] Undefined index: list F:\Projects\WebSites\HyFrame\Application\Common\Model\HyAllModel.class.php 第 344 行.
NOTIC: [8] Undefined index: list F:\Projects\WebSites\HyFrame\Application\Common\Model\HyAllModel.class.php 第 344 行.
NOTIC: [8] Undefined index: list F:\Projects\WebSites\HyFrame\Application\Common\Model\HyAllModel.class.php 第 344 行.
NOTIC: [8] Undefined index: college_id F:\Projects\WebSites\HyFrame\Application\Common\Model\HyAllModel.class.php 第 345 行.
NOTIC: [8] Undefined index: list F:\Projects\WebSites\HyFrame\Application\Common\Model\HyAllModel.class.php 第 344 行.
NOTIC: [8] Undefined index: password F:\Projects\WebSites\HyFrame\Application\Common\Model\HyAllModel.class.php 第 345 行.
NOTIC: [8] Undefined index: {callback} F:\Projects\WebSites\HyFrame\Application\Common\Model\HyAllModel.class.php 第 537 行.
NOTIC: [8] Undefined index: list F:\Projects\WebSites\HyFrame\Application\Common\Model\HyAllModel.class.php 第 344 行.
NOTIC: [8] Undefined index: {callback} F:\Projects\WebSites\HyFrame\Application\Common\Model\HyAllModel.class.php 第 537 行.
NOTIC: [8] Undefined index: list F:\Projects\WebSites\HyFrame\Application\Common\Model\HyAllModel.class.php 第 344 行.
NOTIC: [8] Undefined index: list F:\Projects\WebSites\HyFrame\Application\Common\Model\HyAllModel.class.php 第 344 行.
NOTIC: [8] Undefined index: callback F:\Projects\WebSites\HyFrame\Application\Common\Model\HyAllModel.class.php 第 344 行.
NOTIC: [8] Undefined index: callback F:\Projects\WebSites\HyFrame\Application\Common\Model\HyAllModel.class.php 第 344 行.
NOTIC: [8] Undefined index: {callback} F:\Projects\WebSites\HyFrame\Application\Common\Model\HyAllModel.class.php 第 537 行.
NOTIC: [8] Undefined index: {callback} F:\Projects\WebSites\HyFrame\Application\Common\Model\HyAllModel.class.php 第 537 行.
NOTIC: [8] Undefined index: list F:\Projects\WebSites\HyFrame\Application\Common\Model\HyAllModel.class.php 第 344 行.
NOTIC: [8] Undefined index: list F:\Projects\WebSites\HyFrame\Application\Common\Model\HyAllModel.class.php 第 344 行.
NOTIC: [8] Undefined index: list F:\Projects\WebSites\HyFrame\Application\Common\Model\HyAllModel.class.php 第 344 行.
NOTIC: [8] Undefined index: college_id F:\Projects\WebSites\HyFrame\Application\Common\Model\HyAllModel.class.php 第 345 行.
NOTIC: [8] Undefined index: list F:\Projects\WebSites\HyFrame\Application\Common\Model\HyAllModel.class.php 第 344 行.
NOTIC: [8] Undefined index: password F:\Projects\WebSites\HyFrame\Application\Common\Model\HyAllModel.class.php 第 345 行.
NOTIC: [8] Undefined index: {callback} F:\Projects\WebSites\HyFrame\Application\Common\Model\HyAllModel.class.php 第 537 行.
NOTIC: [8] Undefined index: list F:\Projects\WebSites\HyFrame\Application\Common\Model\HyAllModel.class.php 第 344 行.
NOTIC: [8] Undefined index: {callback} F:\Projects\WebSites\HyFrame\Application\Common\Model\HyAllModel.class.php 第 537 行.
NOTIC: [8] Undefined index: list F:\Projects\WebSites\HyFrame\Application\Common\Model\HyAllModel.class.php 第 344 行.
NOTIC: [8] Undefined index: list F:\Projects\WebSites\HyFrame\Application\Common\Model\HyAllModel.class.php 第 344 行.
NOTIC: [8] Undefined index: callback F:\Projects\WebSites\HyFrame\Application\Common\Model\HyAllModel.class.php 第 344 行.
NOTIC: [8] Undefined index: callback F:\Projects\WebSites\HyFrame\Application\Common\Model\HyAllModel.class.php 第 344 行.
NOTIC: [8] Undefined index: {callback} F:\Projects\WebSites\HyFrame\Application\Common\Model\HyAllModel.class.php 第 537 行.
NOTIC: [8] Undefined index: {callback} F:\Projects\WebSites\HyFrame\Application\Common\Model\HyAllModel.class.php 第 537 行.
NOTIC: [8] Undefined index: list F:\Projects\WebSites\HyFrame\Application\Common\Model\HyAllModel.class.php 第 344 行.
NOTIC: [8] Undefined index: list F:\Projects\WebSites\HyFrame\Application\Common\Model\HyAllModel.class.php 第 344 行.
NOTIC: [8] Undefined index: list F:\Projects\WebSites\HyFrame\Application\Common\Model\HyAllModel.class.php 第 344 行.
NOTIC: [8] Undefined index: college_id F:\Projects\WebSites\HyFrame\Application\Common\Model\HyAllModel.class.php 第 345 行.
NOTIC: [8] Undefined index: list F:\Projects\WebSites\HyFrame\Application\Common\Model\HyAllModel.class.php 第 344 行.
NOTIC: [8] Undefined index: password F:\Projects\WebSites\HyFrame\Application\Common\Model\HyAllModel.class.php 第 345 行.
NOTIC: [8] Undefined index: {callback} F:\Projects\WebSites\HyFrame\Application\Common\Model\HyAllModel.class.php 第 537 行.
NOTIC: [8] Undefined index: list F:\Projects\WebSites\HyFrame\Application\Common\Model\HyAllModel.class.php 第 344 行.
NOTIC: [8] Undefined index: {callback} F:\Projects\WebSites\HyFrame\Application\Common\Model\HyAllModel.class.php 第 537 行.
NOTIC: [8] Undefined index: list F:\Projects\WebSites\HyFrame\Application\Common\Model\HyAllModel.class.php 第 344 行.
NOTIC: [8] Undefined index: list F:\Projects\WebSites\HyFrame\Application\Common\Model\HyAllModel.class.php 第 344 行.
NOTIC: [8] Undefined index: callback F:\Projects\WebSites\HyFrame\Application\Common\Model\HyAllModel.class.php 第 344 行.
NOTIC: [8] Undefined index: callback F:\Projects\WebSites\HyFrame\Application\Common\Model\HyAllModel.class.php 第 344 行.
NOTIC: [8] Undefined index: {callback} F:\Projects\WebSites\HyFrame\Application\Common\Model\HyAllModel.class.php 第 537 行.
NOTIC: [8] Undefined index: {callback} F:\Projects\WebSites\HyFrame\Application\Common\Model\HyAllModel.class.php 第 537 行.
NOTIC: [8] Undefined index: list F:\Projects\WebSites\HyFrame\Application\Common\Model\HyAllModel.class.php 第 344 行.
NOTIC: [8] Undefined index: list F:\Projects\WebSites\HyFrame\Application\Common\Model\HyAllModel.class.php 第 344 行.
NOTIC: [8] Undefined index: list F:\Projects\WebSites\HyFrame\Application\Common\Model\HyAllModel.class.php 第 344 行.
NOTIC: [8] Undefined index: college_id F:\Projects\WebSites\HyFrame\Application\Common\Model\HyAllModel.class.php 第 345 行.
NOTIC: [8] Undefined index: list F:\Projects\WebSites\HyFrame\Application\Common\Model\HyAllModel.class.php 第 344 行.
NOTIC: [8] Undefined index: password F:\Projects\WebSites\HyFrame\Application\Common\Model\HyAllModel.class.php 第 345 行.
NOTIC: [8] Undefined index: {callback} F:\Projects\WebSites\HyFrame\Application\Common\Model\HyAllModel.class.php 第 537 行.
NOTIC: [8] Undefined index: list F:\Projects\WebSites\HyFrame\Application\Common\Model\HyAllModel.class.php 第 344 行.
NOTIC: [8] Undefined index: info F:\Projects\WebSites\HyFrame\Application\Common\Model\HyAllModel.class.php 第 221 行.
INFO: [ hy_log ] --START--
INFO: Run Common\Behavior\HyLogBehavior [ RunTime:0.000109s ]
INFO: [ hy_log ] --END-- [ RunTime:-0.039915s ]

[ 2015-04-28T16:02:09+08:00 ] ::1 /HyFrame/index.php/User/Teacher/favicon.ico
INFO: [ app_init ] --START--
INFO: Run Behavior\BuildLiteBehavior [ RunTime:0.000032s ]
INFO: [ app_init ] --END-- [ RunTime:0.000460s ]

[ 2015-04-28T16:02:10+08:00 ] ::1 /HyFrame/index.php/User/Teacher/ajax?q=detail
INFO: [ app_init ] --START--
INFO: Run Behavior\BuildLiteBehavior [ RunTime:0.000034s ]
INFO: [ app_init ] --END-- [ RunTime:0.000526s ]
INFO: [ app_begin ] --START--
INFO: Run Behavior\ReadHtmlCacheBehavior [ RunTime:0.000644s ]
INFO: [ app_begin ] --END-- [ RunTime:0.000831s ]
NOTIC: [2048] Declaration of Common\Model\HyFrameModel::find() should be compatible with Think\Model::find($options = Array) F:\Projects\WebSites\HyFrame\Application\Common\Model\HyFrameModel.class.php 第 12 行.
SQL: SHOW COLUMNS FROM `homyit_teacher` [ RunTime:0.0058s ]
NOTIC: [2] Missing argument 1 for Common\Model\HyAllModel::getPageOptions(), called in F:\Projects\WebSites\HyFrame\Application\Common\Model\HyAllModel.class.php on line 122 and defined F:\Projects\WebSites\HyFrame\Application\Common\Model\HyAllModel.class.php 第 130 行.
NOTIC: [8] Undefined variable: key F:\Projects\WebSites\HyFrame\Application\Common\Model\HyAllModel.class.php 第 131 行.
NOTIC: [8] Undefined index: _string F:\Projects\WebSites\HyFrame\Application\Common\Model\HyFrameModel.class.php 第 342 行.
INFO: [ action_begin ] --START--
INFO: Run Common\Behavior\HyLogBehavior [ RunTime:0.001474s ]
INFO: [ action_begin ] --END-- [ RunTime:0.001621s ]
SQL: SELECT `id`,`category`,`icon`,`message`,`url`,`type`,`create_time` FROM `homyit_frame_alert` where CONCAT(',',to_users) LIKE '%,100640,%' AND ( `read_users` is NULL OR CONCAT(',',`read_users`) NOT LIKE '%,100640,%') AND `status`=1 ORDER BY `id` DESC [ RunTime:0.0018s ]
NOTIC: [8] Undefined index: pagetitle F:\Projects\WebSites\HyFrame\Application\Common\Model\HyAllModel.class.php 第 169 行.
INFO: [ hy_log ] --START--
NOTIC: [8] Undefined variable: sql F:\Projects\WebSites\HyFrame\Application\Common\Behavior\HyLogBehavior.class.php 第 24 行.
INFO: Run Common\Behavior\HyLogBehavior [ RunTime:0.000146s ]
INFO: [ hy_log ] --END-- [ RunTime:0.000354s ]
INFO: [ hy_log ] --START--
NOTIC: [8] Undefined index: style F:\Projects\WebSites\HyFrame\Application\Common\Behavior\HyLogBehavior.class.php 第 16 行.
NOTIC: [8] Undefined index: sql F:\Projects\WebSites\HyFrame\Application\Common\Behavior\HyLogBehavior.class.php 第 18 行.
INFO: Run Common\Behavior\HyLogBehavior [ RunTime:0.000227s ]
INFO: [ hy_log ] --END-- [ RunTime:-0.000233s ]
INFO: [ hy_log ] --START--
NOTIC: [8] Undefined index: style F:\Projects\WebSites\HyFrame\Application\Common\Behavior\HyLogBehavior.class.php 第 16 行.
NOTIC: [8] Undefined index: sql F:\Projects\WebSites\HyFrame\Application\Common\Behavior\HyLogBehavior.class.php 第 18 行.
INFO: Run Common\Behavior\HyLogBehavior [ RunTime:0.000196s ]
INFO: [ hy_log ] --END-- [ RunTime:-0.000872s ]
NOTIC: [8] Undefined index: noReflect F:\Projects\WebSites\HyFrame\Application\Common\Model\HyFrameModel.class.php 第 136 行.
NOTIC: [8] Undefined index: associate F:\Projects\WebSites\HyFrame\Application\Common\Model\HyFrameModel.class.php 第 136 行.
NOTIC: [8] Undefined index: count F:\Projects\WebSites\HyFrame\Application\Common\Model\HyFrameModel.class.php 第 137 行.
NOTIC: [8] Undefined index: table F:\Projects\WebSites\HyFrame\Application\Common\Model\HyFrameModel.class.php 第 139 行.
NOTIC: [8] Undefined index: order F:\Projects\WebSites\HyFrame\Application\Common\Model\HyFrameModel.class.php 第 145 行.
NOTIC: [8] Undefined index: noOrder F:\Projects\WebSites\HyFrame\Application\Common\Model\HyFrameModel.class.php 第 145 行.
NOTIC: [8] Undefined index: field F:\Projects\WebSites\HyFrame\Application\Common\Model\HyFrameModel.class.php 第 155 行.
NOTIC: [8] Undefined index: noField F:\Projects\WebSites\HyFrame\Application\Common\Model\HyFrameModel.class.php 第 155 行.
NOTIC: [8] Undefined index: noWhere F:\Projects\WebSites\HyFrame\Application\Common\Model\HyFrameModel.class.php 第 170 行.
NOTIC: [8] Undefined index: noSearch F:\Projects\WebSites\HyFrame\Application\Common\Model\HyFrameModel.class.php 第 173 行.
NOTIC: [8] Undefined index: _string F:\Projects\WebSites\HyFrame\Application\Common\Model\HyFrameModel.class.php 第 176 行.
NOTIC: [8] Undefined index: join F:\Projects\WebSites\HyFrame\Application\Common\Model\HyFrameModel.class.php 第 189 行.
NOTIC: [8] Undefined offset: 4 F:\Projects\WebSites\HyFrame\Application\Common\Model\HyFrameModel.class.php 第 194 行.
NOTIC: [8] Undefined offset: 5 F:\Projects\WebSites\HyFrame\Application\Common\Model\HyFrameModel.class.php 第 200 行.
NOTIC: [8] Undefined offset: 4 F:\Projects\WebSites\HyFrame\Application\Common\Model\HyFrameModel.class.php 第 201 行.
NOTIC: [8] Undefined index: decrypt F:\Projects\WebSites\HyFrame\Application\Common\Model\HyFrameModel.class.php 第 218 行.
NOTIC: [8] Undefined index: scope F:\Projects\WebSites\HyFrame\Application\Common\Model\HyFrameModel.class.php 第 224 行.
SQL: SELECT hy.user_id,hy.department,hy.join_time,hy.job,hy.remark,hy.status,user.user_no,user.name,user.sex,user.phone,user.roles,user.email,user.login_last_time,user.login_times,user.avatar_file FROM `homyit_teacher` `hy` INNER JOIN `homyit_user` AS `user` ON hy.user_id = user.id  WHERE ( TRUE ) AND user.college_id = '1' AND hy.status = 1 AND hy.user_id > 10000 AND user.id = '10002' LIMIT 1   [ RunTime:0.0007s ]
SQL: SHOW COLUMNS FROM `homyit_frame_file` [ RunTime:0.0036s ]
NOTIC: [8] Undefined index: _string F:\Projects\WebSites\HyFrame\Application\Common\Model\HyFrameModel.class.php 第 342 行.
NOTIC: [2] Missing argument 1 for Common\Model\HyFrameModel::find(), called in F:\Projects\WebSites\HyFrame\HomyitCore\Library\Think\Model.class.php on line 232 and defined F:\Projects\WebSites\HyFrame\Application\Common\Model\HyFrameModel.class.php 第 244 行.
NOTIC: [8] Undefined variable: options F:\Projects\WebSites\HyFrame\Application\Common\Model\HyFrameModel.class.php 第 245 行.
NOTIC: [8] Undefined variable: options F:\Projects\WebSites\HyFrame\Application\Common\Model\HyFrameModel.class.php 第 245 行.
NOTIC: [8] Undefined variable: options F:\Projects\WebSites\HyFrame\Application\Common\Model\HyFrameModel.class.php 第 245 行.
NOTIC: [8] Undefined variable: options F:\Projects\WebSites\HyFrame\Application\Common\Model\HyFrameModel.class.php 第 250 行.
SQL: SELECT * FROM `homyit_frame_file` WHERE `id` = 237 LIMIT 1   [ RunTime:0.0005s ]
NOTIC: [8] Undefined variable: query F:\Projects\WebSites\HyFrame\Application\Common\Controller\HyAllController.class.php 第 79 行.
INFO: [ view_parse ] --START--
INFO: [ template_filter ] --START--
INFO: Run Behavior\ContentReplaceBehavior [ RunTime:0.000374s ]
INFO: [ template_filter ] --END-- [ RunTime:0.001039s ]
NOTIC: [8] Undefined index: cols F:\Projects\WebSites\HyFrame\Runtime\Cache\User\c6d80dac29f4bb3371a39f454a43cf44.php 第 13 行.
NOTIC: [8] Undefined index: cols F:\Projects\WebSites\HyFrame\Runtime\Cache\User\c6d80dac29f4bb3371a39f454a43cf44.php 第 13 行.
NOTIC: [8] Undefined index: cols F:\Projects\WebSites\HyFrame\Runtime\Cache\User\c6d80dac29f4bb3371a39f454a43cf44.php 第 13 行.
NOTIC: [8] Undefined index: cols F:\Projects\WebSites\HyFrame\Runtime\Cache\User\c6d80dac29f4bb3371a39f454a43cf44.php 第 13 行.
NOTIC: [8] Undefined index: cols F:\Projects\WebSites\HyFrame\Runtime\Cache\User\c6d80dac29f4bb3371a39f454a43cf44.php 第 13 行.
NOTIC: [8] Undefined index: cols F:\Projects\WebSites\HyFrame\Runtime\Cache\User\c6d80dac29f4bb3371a39f454a43cf44.php 第 13 行.
NOTIC: [8] Undefined index: cols F:\Projects\WebSites\HyFrame\Runtime\Cache\User\c6d80dac29f4bb3371a39f454a43cf44.php 第 13 行.
NOTIC: [8] Undefined index: cols F:\Projects\WebSites\HyFrame\Runtime\Cache\User\c6d80dac29f4bb3371a39f454a43cf44.php 第 30 行.
NOTIC: [8] Undefined index: cols F:\Projects\WebSites\HyFrame\Runtime\Cache\User\c6d80dac29f4bb3371a39f454a43cf44.php 第 30 行.
NOTIC: [8] Undefined index: json F:\Projects\WebSites\HyFrame\Runtime\Cache\User\c6d80dac29f4bb3371a39f454a43cf44.php 第 47 行.
NOTIC: [8] Undefined index: json F:\Projects\WebSites\HyFrame\Runtime\Cache\User\c6d80dac29f4bb3371a39f454a43cf44.php 第 47 行.
INFO: Run Behavior\ParseTemplateBehavior [ RunTime:0.029292s ]
INFO: [ view_parse ] --END-- [ RunTime:0.029540s ]
INFO: [ view_filter ] --START--
INFO: Run Behavior\WriteHtmlCacheBehavior [ RunTime:0.000429s ]
INFO: [ view_filter ] --END-- [ RunTime:0.000533s ]
INFO: [ app_end ] --START--
INFO: Run Behavior\ShowPageTraceBehavior [ RunTime:0.000592s ]
INFO: [ app_end ] --END-- [ RunTime:0.000707s ]

[ 2015-04-28T16:02:19+08:00 ] ::1 /HyFrame/index.php/User/Teacher/ajax?q=detail
INFO: [ app_init ] --START--
INFO: Run Behavior\BuildLiteBehavior [ RunTime:0.000057s ]
INFO: [ app_init ] --END-- [ RunTime:0.000851s ]
INFO: [ app_begin ] --START--
INFO: Run Behavior\ReadHtmlCacheBehavior [ RunTime:0.000571s ]
INFO: [ app_begin ] --END-- [ RunTime:0.000845s ]
NOTIC: [2048] Declaration of Common\Model\HyFrameModel::find() should be compatible with Think\Model::find($options = Array) F:\Projects\WebSites\HyFrame\Application\Common\Model\HyFrameModel.class.php 第 12 行.
SQL: SHOW COLUMNS FROM `homyit_teacher` [ RunTime:0.0051s ]
NOTIC: [2] Missing argument 1 for Common\Model\HyAllModel::getPageOptions(), called in F:\Projects\WebSites\HyFrame\Application\Common\Model\HyAllModel.class.php on line 122 and defined F:\Projects\WebSites\HyFrame\Application\Common\Model\HyAllModel.class.php 第 130 行.
NOTIC: [8] Undefined variable: key F:\Projects\WebSites\HyFrame\Application\Common\Model\HyAllModel.class.php 第 131 行.
NOTIC: [8] Undefined index: _string F:\Projects\WebSites\HyFrame\Application\Common\Model\HyFrameModel.class.php 第 342 行.
INFO: [ action_begin ] --START--
INFO: Run Common\Behavior\HyLogBehavior [ RunTime:0.001563s ]
INFO: [ action_begin ] --END-- [ RunTime:0.001749s ]
SQL: SELECT `id`,`category`,`icon`,`message`,`url`,`type`,`create_time` FROM `homyit_frame_alert` where CONCAT(',',to_users) LIKE '%,100640,%' AND ( `read_users` is NULL OR CONCAT(',',`read_users`) NOT LIKE '%,100640,%') AND `status`=1 ORDER BY `id` DESC [ RunTime:0.0013s ]
NOTIC: [8] Undefined index: pagetitle F:\Projects\WebSites\HyFrame\Application\Common\Model\HyAllModel.class.php 第 169 行.
INFO: [ hy_log ] --START--
NOTIC: [8] Undefined variable: sql F:\Projects\WebSites\HyFrame\Application\Common\Behavior\HyLogBehavior.class.php 第 24 行.
INFO: Run Common\Behavior\HyLogBehavior [ RunTime:0.000165s ]
INFO: [ hy_log ] --END-- [ RunTime:0.000474s ]
INFO: [ hy_log ] --START--
NOTIC: [8] Undefined index: style F:\Projects\WebSites\HyFrame\Application\Common\Behavior\HyLogBehavior.class.php 第 16 行.
NOTIC: [8] Undefined index: sql F:\Projects\WebSites\HyFrame\Application\Common\Behavior\HyLogBehavior.class.php 第 18 行.
INFO: Run Common\Behavior\HyLogBehavior [ RunTime:0.000212s ]
INFO: [ hy_log ] --END-- [ RunTime:-0.000246s ]
INFO: [ hy_log ] --START--
NOTIC: [8] Undefined index: style F:\Projects\WebSites\HyFrame\Application\Common\Behavior\HyLogBehavior.class.php 第 16 行.
NOTIC: [8] Undefined index: sql F:\Projects\WebSites\HyFrame\Application\Common\Behavior\HyLogBehavior.class.php 第 18 行.
INFO: Run Common\Behavior\HyLogBehavior [ RunTime:0.000236s ]
INFO: [ hy_log ] --END-- [ RunTime:-0.000845s ]
NOTIC: [8] Undefined index: noReflect F:\Projects\WebSites\HyFrame\Application\Common\Model\HyFrameModel.class.php 第 136 行.
NOTIC: [8] Undefined index: associate F:\Projects\WebSites\HyFrame\Application\Common\Model\HyFrameModel.class.php 第 136 行.
NOTIC: [8] Undefined index: count F:\Projects\WebSites\HyFrame\Application\Common\Model\HyFrameModel.class.php 第 137 行.
NOTIC: [8] Undefined index: table F:\Projects\WebSites\HyFrame\Application\Common\Model\HyFrameModel.class.php 第 139 行.
NOTIC: [8] Undefined index: order F:\Projects\WebSites\HyFrame\Application\Common\Model\HyFrameModel.class.php 第 145 行.
NOTIC: [8] Undefined index: noOrder F:\Projects\WebSites\HyFrame\Application\Common\Model\HyFrameModel.class.php 第 145 行.
NOTIC: [8] Undefined index: field F:\Projects\WebSites\HyFrame\Application\Common\Model\HyFrameModel.class.php 第 155 行.
NOTIC: [8] Undefined index: noField F:\Projects\WebSites\HyFrame\Application\Common\Model\HyFrameModel.class.php 第 155 行.
NOTIC: [8] Undefined index: noWhere F:\Projects\WebSites\HyFrame\Application\Common\Model\HyFrameModel.class.php 第 170 行.
NOTIC: [8] Undefined index: noSearch F:\Projects\WebSites\HyFrame\Application\Common\Model\HyFrameModel.class.php 第 173 行.
NOTIC: [8] Undefined index: _string F:\Projects\WebSites\HyFrame\Application\Common\Model\HyFrameModel.class.php 第 176 行.
NOTIC: [8] Undefined index: join F:\Projects\WebSites\HyFrame\Application\Common\Model\HyFrameModel.class.php 第 189 行.
NOTIC: [8] Undefined offset: 4 F:\Projects\WebSites\HyFrame\Application\Common\Model\HyFrameModel.class.php 第 194 行.
NOTIC: [8] Undefined offset: 5 F:\Projects\WebSites\HyFrame\Application\Common\Model\HyFrameModel.class.php 第 200 行.
NOTIC: [8] Undefined offset: 4 F:\Projects\WebSites\HyFrame\Application\Common\Model\HyFrameModel.class.php 第 201 行.
NOTIC: [8] Undefined index: decrypt F:\Projects\WebSites\HyFrame\Application\Common\Model\HyFrameModel.class.php 第 218 行.
NOTIC: [8] Undefined index: scope F:\Projects\WebSites\HyFrame\Application\Common\Model\HyFrameModel.class.php 第 224 行.
SQL: SELECT hy.user_id,hy.department,hy.join_time,hy.job,hy.remark,hy.status,user.user_no,user.name,user.sex,user.phone,user.roles,user.email,user.login_last_time,user.login_times,user.avatar_file FROM `homyit_teacher` `hy` INNER JOIN `homyit_user` AS `user` ON hy.user_id = user.id  WHERE ( TRUE ) AND user.college_id = '1' AND hy.status = 1 AND hy.user_id > 10000 AND user.id = '10001' LIMIT 1   [ RunTime:0.0030s ]
SQL: SHOW COLUMNS FROM `homyit_frame_file` [ RunTime:0.0055s ]
NOTIC: [8] Undefined index: _string F:\Projects\WebSites\HyFrame\Application\Common\Model\HyFrameModel.class.php 第 342 行.
NOTIC: [2] Missing argument 1 for Common\Model\HyFrameModel::find(), called in F:\Projects\WebSites\HyFrame\HomyitCore\Library\Think\Model.class.php on line 232 and defined F:\Projects\WebSites\HyFrame\Application\Common\Model\HyFrameModel.class.php 第 244 行.
NOTIC: [8] Undefined variable: options F:\Projects\WebSites\HyFrame\Application\Common\Model\HyFrameModel.class.php 第 245 行.
NOTIC: [8] Undefined variable: options F:\Projects\WebSites\HyFrame\Application\Common\Model\HyFrameModel.class.php 第 245 行.
NOTIC: [8] Undefined variable: options F:\Projects\WebSites\HyFrame\Application\Common\Model\HyFrameModel.class.php 第 245 行.
NOTIC: [8] Undefined variable: options F:\Projects\WebSites\HyFrame\Application\Common\Model\HyFrameModel.class.php 第 250 行.
SQL: SELECT * FROM `homyit_frame_file` WHERE `id` = 147 LIMIT 1   [ RunTime:0.0046s ]
NOTIC: [8] Undefined variable: query F:\Projects\WebSites\HyFrame\Application\Common\Controller\HyAllController.class.php 第 79 行.
INFO: [ view_parse ] --START--
INFO: [ template_filter ] --START--
INFO: Run Behavior\ContentReplaceBehavior [ RunTime:0.000145s ]
INFO: [ template_filter ] --END-- [ RunTime:0.000363s ]
NOTIC: [8] Undefined index: cols F:\Projects\WebSites\HyFrame\Runtime\Cache\User\c6d80dac29f4bb3371a39f454a43cf44.php 第 13 行.
NOTIC: [8] Undefined index: cols F:\Projects\WebSites\HyFrame\Runtime\Cache\User\c6d80dac29f4bb3371a39f454a43cf44.php 第 13 行.
NOTIC: [8] Undefined index: cols F:\Projects\WebSites\HyFrame\Runtime\Cache\User\c6d80dac29f4bb3371a39f454a43cf44.php 第 13 行.
NOTIC: [8] Undefined index: cols F:\Projects\WebSites\HyFrame\Runtime\Cache\User\c6d80dac29f4bb3371a39f454a43cf44.php 第 13 行.
NOTIC: [8] Undefined index: cols F:\Projects\WebSites\HyFrame\Runtime\Cache\User\c6d80dac29f4bb3371a39f454a43cf44.php 第 13 行.
NOTIC: [8] Undefined index: cols F:\Projects\WebSites\HyFrame\Runtime\Cache\User\c6d80dac29f4bb3371a39f454a43cf44.php 第 13 行.
NOTIC: [8] Undefined index: cols F:\Projects\WebSites\HyFrame\Runtime\Cache\User\c6d80dac29f4bb3371a39f454a43cf44.php 第 13 行.
NOTIC: [8] Undefined index: cols F:\Projects\WebSites\HyFrame\Runtime\Cache\User\c6d80dac29f4bb3371a39f454a43cf44.php 第 30 行.
NOTIC: [8] Undefined index: cols F:\Projects\WebSites\HyFrame\Runtime\Cache\User\c6d80dac29f4bb3371a39f454a43cf44.php 第 30 行.
NOTIC: [8] Undefined index: json F:\Projects\WebSites\HyFrame\Runtime\Cache\User\c6d80dac29f4bb3371a39f454a43cf44.php 第 47 行.
NOTIC: [8] Undefined index: json F:\Projects\WebSites\HyFrame\Runtime\Cache\User\c6d80dac29f4bb3371a39f454a43cf44.php 第 47 行.
INFO: Run Behavior\ParseTemplateBehavior [ RunTime:0.035370s ]
INFO: [ view_parse ] --END-- [ RunTime:0.035759s ]
INFO: [ view_filter ] --START--
INFO: Run Behavior\WriteHtmlCacheBehavior [ RunTime:0.001993s ]
INFO: [ view_filter ] --END-- [ RunTime:0.002665s ]
INFO: [ app_end ] --START--
INFO: Run Behavior\ShowPageTraceBehavior [ RunTime:0.003828s ]
INFO: [ app_end ] --END-- [ RunTime:0.004417s ]

[ 2015-04-28T16:02:21+08:00 ] ::1 /HyFrame/index.php/User/Teacher/ajax?q=detail
INFO: [ app_init ] --START--
INFO: Run Behavior\BuildLiteBehavior [ RunTime:0.000041s ]
INFO: [ app_init ] --END-- [ RunTime:0.000660s ]
INFO: [ app_begin ] --START--
INFO: Run Behavior\ReadHtmlCacheBehavior [ RunTime:0.000531s ]
INFO: [ app_begin ] --END-- [ RunTime:0.000666s ]
NOTIC: [2048] Declaration of Common\Model\HyFrameModel::find() should be compatible with Think\Model::find($options = Array) F:\Projects\WebSites\HyFrame\Application\Common\Model\HyFrameModel.class.php 第 12 行.
SQL: SHOW COLUMNS FROM `homyit_teacher` [ RunTime:0.0090s ]
NOTIC: [2] Missing argument 1 for Common\Model\HyAllModel::getPageOptions(), called in F:\Projects\WebSites\HyFrame\Application\Common\Model\HyAllModel.class.php on line 122 and defined F:\Projects\WebSites\HyFrame\Application\Common\Model\HyAllModel.class.php 第 130 行.
NOTIC: [8] Undefined variable: key F:\Projects\WebSites\HyFrame\Application\Common\Model\HyAllModel.class.php 第 131 行.
NOTIC: [8] Undefined index: _string F:\Projects\WebSites\HyFrame\Application\Common\Model\HyFrameModel.class.php 第 342 行.
INFO: [ action_begin ] --START--
INFO: Run Common\Behavior\HyLogBehavior [ RunTime:0.001077s ]
INFO: [ action_begin ] --END-- [ RunTime:0.001206s ]
SQL: SELECT `id`,`category`,`icon`,`message`,`url`,`type`,`create_time` FROM `homyit_frame_alert` where CONCAT(',',to_users) LIKE '%,100640,%' AND ( `read_users` is NULL OR CONCAT(',',`read_users`) NOT LIKE '%,100640,%') AND `status`=1 ORDER BY `id` DESC [ RunTime:0.0011s ]
NOTIC: [8] Undefined index: pagetitle F:\Projects\WebSites\HyFrame\Application\Common\Model\HyAllModel.class.php 第 169 行.
INFO: [ hy_log ] --START--
NOTIC: [8] Undefined variable: sql F:\Projects\WebSites\HyFrame\Application\Common\Behavior\HyLogBehavior.class.php 第 24 行.
INFO: Run Common\Behavior\HyLogBehavior [ RunTime:0.000137s ]
INFO: [ hy_log ] --END-- [ RunTime:0.000303s ]
INFO: [ hy_log ] --START--
NOTIC: [8] Undefined index: style F:\Projects\WebSites\HyFrame\Application\Common\Behavior\HyLogBehavior.class.php 第 16 行.
NOTIC: [8] Undefined index: sql F:\Projects\WebSites\HyFrame\Application\Common\Behavior\HyLogBehavior.class.php 第 18 行.
INFO: Run Common\Behavior\HyLogBehavior [ RunTime:0.000119s ]
INFO: [ hy_log ] --END-- [ RunTime:-0.000166s ]
INFO: [ hy_log ] --START--
NOTIC: [8] Undefined index: style F:\Projects\WebSites\HyFrame\Application\Common\Behavior\HyLogBehavior.class.php 第 16 行.
NOTIC: [8] Undefined index: sql F:\Projects\WebSites\HyFrame\Application\Common\Behavior\HyLogBehavior.class.php 第 18 行.
INFO: Run Common\Behavior\HyLogBehavior [ RunTime:0.000109s ]
INFO: [ hy_log ] --END-- [ RunTime:-0.000504s ]
NOTIC: [8] Undefined index: noReflect F:\Projects\WebSites\HyFrame\Application\Common\Model\HyFrameModel.class.php 第 136 行.
NOTIC: [8] Undefined index: associate F:\Projects\WebSites\HyFrame\Application\Common\Model\HyFrameModel.class.php 第 136 行.
NOTIC: [8] Undefined index: count F:\Projects\WebSites\HyFrame\Application\Common\Model\HyFrameModel.class.php 第 137 行.
NOTIC: [8] Undefined index: table F:\Projects\WebSites\HyFrame\Application\Common\Model\HyFrameModel.class.php 第 139 行.
NOTIC: [8] Undefined index: order F:\Projects\WebSites\HyFrame\Application\Common\Model\HyFrameModel.class.php 第 145 行.
NOTIC: [8] Undefined index: noOrder F:\Projects\WebSites\HyFrame\Application\Common\Model\HyFrameModel.class.php 第 145 行.
NOTIC: [8] Undefined index: field F:\Projects\WebSites\HyFrame\Application\Common\Model\HyFrameModel.class.php 第 155 行.
NOTIC: [8] Undefined index: noField F:\Projects\WebSites\HyFrame\Application\Common\Model\HyFrameModel.class.php 第 155 行.
NOTIC: [8] Undefined index: noWhere F:\Projects\WebSites\HyFrame\Application\Common\Model\HyFrameModel.class.php 第 170 行.
NOTIC: [8] Undefined index: noSearch F:\Projects\WebSites\HyFrame\Application\Common\Model\HyFrameModel.class.php 第 173 行.
NOTIC: [8] Undefined index: _string F:\Projects\WebSites\HyFrame\Application\Common\Model\HyFrameModel.class.php 第 176 行.
NOTIC: [8] Undefined index: join F:\Projects\WebSites\HyFrame\Application\Common\Model\HyFrameModel.class.php 第 189 行.
NOTIC: [8] Undefined offset: 4 F:\Projects\WebSites\HyFrame\Application\Common\Model\HyFrameModel.class.php 第 194 行.
NOTIC: [8] Undefined offset: 5 F:\Projects\WebSites\HyFrame\Application\Common\Model\HyFrameModel.class.php 第 200 行.
NOTIC: [8] Undefined offset: 4 F:\Projects\WebSites\HyFrame\Application\Common\Model\HyFrameModel.class.php 第 201 行.
NOTIC: [8] Undefined index: decrypt F:\Projects\WebSites\HyFrame\Application\Common\Model\HyFrameModel.class.php 第 218 行.
NOTIC: [8] Undefined index: scope F:\Projects\WebSites\HyFrame\Application\Common\Model\HyFrameModel.class.php 第 224 行.
SQL: SELECT hy.user_id,hy.department,hy.join_time,hy.job,hy.remark,hy.status,user.user_no,user.name,user.sex,user.phone,user.roles,user.email,user.login_last_time,user.login_times,user.avatar_file FROM `homyit_teacher` `hy` INNER JOIN `homyit_user` AS `user` ON hy.user_id = user.id  WHERE ( TRUE ) AND user.college_id = '1' AND hy.status = 1 AND hy.user_id > 10000 AND user.id = '10005' LIMIT 1   [ RunTime:0.0027s ]
SQL: SHOW COLUMNS FROM `homyit_frame_file` [ RunTime:0.0062s ]
NOTIC: [8] Undefined index: _string F:\Projects\WebSites\HyFrame\Application\Common\Model\HyFrameModel.class.php 第 342 行.
NOTIC: [2] Missing argument 1 for Common\Model\HyFrameModel::find(), called in F:\Projects\WebSites\HyFrame\HomyitCore\Library\Think\Model.class.php on line 232 and defined F:\Projects\WebSites\HyFrame\Application\Common\Model\HyFrameModel.class.php 第 244 行.
NOTIC: [8] Undefined variable: options F:\Projects\WebSites\HyFrame\Application\Common\Model\HyFrameModel.class.php 第 245 行.
NOTIC: [8] Undefined variable: options F:\Projects\WebSites\HyFrame\Application\Common\Model\HyFrameModel.class.php 第 245 行.
NOTIC: [8] Undefined variable: options F:\Projects\WebSites\HyFrame\Application\Common\Model\HyFrameModel.class.php 第 245 行.
NOTIC: [8] Undefined variable: options F:\Projects\WebSites\HyFrame\Application\Common\Model\HyFrameModel.class.php 第 250 行.
SQL: SELECT * FROM `homyit_frame_file` WHERE `id` = 153 LIMIT 1   [ RunTime:0.0013s ]
NOTIC: [8] Undefined variable: query F:\Projects\WebSites\HyFrame\Application\Common\Controller\HyAllController.class.php 第 79 行.
INFO: [ view_parse ] --START--
INFO: [ template_filter ] --START--
INFO: Run Behavior\ContentReplaceBehavior [ RunTime:0.000150s ]
INFO: [ template_filter ] --END-- [ RunTime:0.000420s ]
NOTIC: [8] Undefined index: cols F:\Projects\WebSites\HyFrame\Runtime\Cache\User\c6d80dac29f4bb3371a39f454a43cf44.php 第 13 行.
NOTIC: [8] Undefined index: cols F:\Projects\WebSites\HyFrame\Runtime\Cache\User\c6d80dac29f4bb3371a39f454a43cf44.php 第 13 行.
NOTIC: [8] Undefined index: cols F:\Projects\WebSites\HyFrame\Runtime\Cache\User\c6d80dac29f4bb3371a39f454a43cf44.php 第 13 行.
NOTIC: [8] Undefined index: cols F:\Projects\WebSites\HyFrame\Runtime\Cache\User\c6d80dac29f4bb3371a39f454a43cf44.php 第 13 行.
NOTIC: [8] Undefined index: cols F:\Projects\WebSites\HyFrame\Runtime\Cache\User\c6d80dac29f4bb3371a39f454a43cf44.php 第 13 行.
NOTIC: [8] Undefined index: cols F:\Projects\WebSites\HyFrame\Runtime\Cache\User\c6d80dac29f4bb3371a39f454a43cf44.php 第 13 行.
NOTIC: [8] Undefined index: cols F:\Projects\WebSites\HyFrame\Runtime\Cache\User\c6d80dac29f4bb3371a39f454a43cf44.php 第 13 行.
NOTIC: [8] Undefined index: cols F:\Projects\WebSites\HyFrame\Runtime\Cache\User\c6d80dac29f4bb3371a39f454a43cf44.php 第 30 行.
NOTIC: [8] Undefined index: cols F:\Projects\WebSites\HyFrame\Runtime\Cache\User\c6d80dac29f4bb3371a39f454a43cf44.php 第 30 行.
NOTIC: [8] Undefined index: json F:\Projects\WebSites\HyFrame\Runtime\Cache\User\c6d80dac29f4bb3371a39f454a43cf44.php 第 47 行.
NOTIC: [8] Undefined index: json F:\Projects\WebSites\HyFrame\Runtime\Cache\User\c6d80dac29f4bb3371a39f454a43cf44.php 第 47 行.
INFO: Run Behavior\ParseTemplateBehavior [ RunTime:0.044654s ]
INFO: [ view_parse ] --END-- [ RunTime:0.044890s ]
INFO: [ view_filter ] --START--
INFO: Run Behavior\WriteHtmlCacheBehavior [ RunTime:0.000876s ]
INFO: [ view_filter ] --END-- [ RunTime:0.001076s ]
INFO: [ app_end ] --START--
INFO: Run Behavior\ShowPageTraceBehavior [ RunTime:0.001036s ]
INFO: [ app_end ] --END-- [ RunTime:0.001251s ]

[ 2015-04-28T16:02:25+08:00 ] ::1 /HyFrame/index.php/User/Teacher/ajax?q=detail
INFO: [ app_init ] --START--
INFO: Run Behavior\BuildLiteBehavior [ RunTime:0.000053s ]
INFO: [ app_init ] --END-- [ RunTime:0.000734s ]
INFO: [ app_begin ] --START--
INFO: Run Behavior\ReadHtmlCacheBehavior [ RunTime:0.001082s ]
INFO: [ app_begin ] --END-- [ RunTime:0.001487s ]
NOTIC: [2048] Declaration of Common\Model\HyFrameModel::find() should be compatible with Think\Model::find($options = Array) F:\Projects\WebSites\HyFrame\Application\Common\Model\HyFrameModel.class.php 第 12 行.
SQL: SHOW COLUMNS FROM `homyit_teacher` [ RunTime:0.0101s ]
NOTIC: [2] Missing argument 1 for Common\Model\HyAllModel::getPageOptions(), called in F:\Projects\WebSites\HyFrame\Application\Common\Model\HyAllModel.class.php on line 122 and defined F:\Projects\WebSites\HyFrame\Application\Common\Model\HyAllModel.class.php 第 130 行.
NOTIC: [8] Undefined variable: key F:\Projects\WebSites\HyFrame\Application\Common\Model\HyAllModel.class.php 第 131 行.
NOTIC: [8] Undefined index: _string F:\Projects\WebSites\HyFrame\Application\Common\Model\HyFrameModel.class.php 第 342 行.
INFO: [ action_begin ] --START--
INFO: Run Common\Behavior\HyLogBehavior [ RunTime:0.001648s ]
INFO: [ action_begin ] --END-- [ RunTime:0.001886s ]
SQL: SELECT `id`,`category`,`icon`,`message`,`url`,`type`,`create_time` FROM `homyit_frame_alert` where CONCAT(',',to_users) LIKE '%,100640,%' AND ( `read_users` is NULL OR CONCAT(',',`read_users`) NOT LIKE '%,100640,%') AND `status`=1 ORDER BY `id` DESC [ RunTime:0.0009s ]
NOTIC: [8] Undefined index: pagetitle F:\Projects\WebSites\HyFrame\Application\Common\Model\HyAllModel.class.php 第 169 行.
INFO: [ hy_log ] --START--
NOTIC: [8] Undefined variable: sql F:\Projects\WebSites\HyFrame\Application\Common\Behavior\HyLogBehavior.class.php 第 24 行.
INFO: Run Common\Behavior\HyLogBehavior [ RunTime:0.000137s ]
INFO: [ hy_log ] --END-- [ RunTime:0.000333s ]
INFO: [ hy_log ] --START--
NOTIC: [8] Undefined index: style F:\Projects\WebSites\HyFrame\Application\Common\Behavior\HyLogBehavior.class.php 第 16 行.
NOTIC: [8] Undefined index: sql F:\Projects\WebSites\HyFrame\Application\Common\Behavior\HyLogBehavior.class.php 第 18 行.
INFO: Run Common\Behavior\HyLogBehavior [ RunTime:0.000439s ]
INFO: [ hy_log ] --END-- [ RunTime:-0.000246s ]
INFO: [ hy_log ] --START--
NOTIC: [8] Undefined index: style F:\Projects\WebSites\HyFrame\Application\Common\Behavior\HyLogBehavior.class.php 第 16 行.
NOTIC: [8] Undefined index: sql F:\Projects\WebSites\HyFrame\Application\Common\Behavior\HyLogBehavior.class.php 第 18 行.
INFO: Run Common\Behavior\HyLogBehavior [ RunTime:0.000132s ]
INFO: [ hy_log ] --END-- [ RunTime:-0.001396s ]
NOTIC: [8] Undefined index: noReflect F:\Projects\WebSites\HyFrame\Application\Common\Model\HyFrameModel.class.php 第 136 行.
NOTIC: [8] Undefined index: associate F:\Projects\WebSites\HyFrame\Application\Common\Model\HyFrameModel.class.php 第 136 行.
NOTIC: [8] Undefined index: count F:\Projects\WebSites\HyFrame\Application\Common\Model\HyFrameModel.class.php 第 137 行.
NOTIC: [8] Undefined index: table F:\Projects\WebSites\HyFrame\Application\Common\Model\HyFrameModel.class.php 第 139 行.
NOTIC: [8] Undefined index: order F:\Projects\WebSites\HyFrame\Application\Common\Model\HyFrameModel.class.php 第 145 行.
NOTIC: [8] Undefined index: noOrder F:\Projects\WebSites\HyFrame\Application\Common\Model\HyFrameModel.class.php 第 145 行.
NOTIC: [8] Undefined index: field F:\Projects\WebSites\HyFrame\Application\Common\Model\HyFrameModel.class.php 第 155 行.
NOTIC: [8] Undefined index: noField F:\Projects\WebSites\HyFrame\Application\Common\Model\HyFrameModel.class.php 第 155 行.
NOTIC: [8] Undefined index: noWhere F:\Projects\WebSites\HyFrame\Application\Common\Model\HyFrameModel.class.php 第 170 行.
NOTIC: [8] Undefined index: noSearch F:\Projects\WebSites\HyFrame\Application\Common\Model\HyFrameModel.class.php 第 173 行.
NOTIC: [8] Undefined index: _string F:\Projects\WebSites\HyFrame\Application\Common\Model\HyFrameModel.class.php 第 176 行.
NOTIC: [8] Undefined index: join F:\Projects\WebSites\HyFrame\Application\Common\Model\HyFrameModel.class.php 第 189 行.
NOTIC: [8] Undefined offset: 4 F:\Projects\WebSites\HyFrame\Application\Common\Model\HyFrameModel.class.php 第 194 行.
NOTIC: [8] Undefined offset: 5 F:\Projects\WebSites\HyFrame\Application\Common\Model\HyFrameModel.class.php 第 200 行.
NOTIC: [8] Undefined offset: 4 F:\Projects\WebSites\HyFrame\Application\Common\Model\HyFrameModel.class.php 第 201 行.
NOTIC: [8] Undefined index: decrypt F:\Projects\WebSites\HyFrame\Application\Common\Model\HyFrameModel.class.php 第 218 行.
NOTIC: [8] Undefined index: scope F:\Projects\WebSites\HyFrame\Application\Common\Model\HyFrameModel.class.php 第 224 行.
SQL: SELECT hy.user_id,hy.department,hy.join_time,hy.job,hy.remark,hy.status,user.user_no,user.name,user.sex,user.phone,user.roles,user.email,user.login_last_time,user.login_times,user.avatar_file FROM `homyit_teacher` `hy` INNER JOIN `homyit_user` AS `user` ON hy.user_id = user.id  WHERE ( TRUE ) AND user.college_id = '1' AND hy.status = 1 AND hy.user_id > 10000 AND user.id = '10004' LIMIT 1   [ RunTime:0.0006s ]
SQL: SHOW COLUMNS FROM `homyit_frame_file` [ RunTime:0.0058s ]
NOTIC: [8] Undefined index: _string F:\Projects\WebSites\HyFrame\Application\Common\Model\HyFrameModel.class.php 第 342 行.
NOTIC: [2] Missing argument 1 for Common\Model\HyFrameModel::find(), called in F:\Projects\WebSites\HyFrame\HomyitCore\Library\Think\Model.class.php on line 232 and defined F:\Projects\WebSites\HyFrame\Application\Common\Model\HyFrameModel.class.php 第 244 行.
NOTIC: [8] Undefined variable: options F:\Projects\WebSites\HyFrame\Application\Common\Model\HyFrameModel.class.php 第 245 行.
NOTIC: [8] Undefined variable: options F:\Projects\WebSites\HyFrame\Application\Common\Model\HyFrameModel.class.php 第 245 行.
NOTIC: [8] Undefined variable: options F:\Projects\WebSites\HyFrame\Application\Common\Model\HyFrameModel.class.php 第 245 行.
NOTIC: [8] Undefined variable: options F:\Projects\WebSites\HyFrame\Application\Common\Model\HyFrameModel.class.php 第 250 行.
SQL: SELECT * FROM `homyit_frame_file` WHERE `id` = 149 LIMIT 1   [ RunTime:0.0007s ]
NOTIC: [8] Undefined variable: query F:\Projects\WebSites\HyFrame\Application\Common\Controller\HyAllController.class.php 第 79 行.
INFO: [ view_parse ] --START--
INFO: [ template_filter ] --START--
INFO: Run Behavior\ContentReplaceBehavior [ RunTime:0.000195s ]
INFO: [ template_filter ] --END-- [ RunTime:0.000440s ]
NOTIC: [8] Undefined index: cols F:\Projects\WebSites\HyFrame\Runtime\Cache\User\c6d80dac29f4bb3371a39f454a43cf44.php 第 13 行.
NOTIC: [8] Undefined index: cols F:\Projects\WebSites\HyFrame\Runtime\Cache\User\c6d80dac29f4bb3371a39f454a43cf44.php 第 13 行.
NOTIC: [8] Undefined index: cols F:\Projects\WebSites\HyFrame\Runtime\Cache\User\c6d80dac29f4bb3371a39f454a43cf44.php 第 13 行.
NOTIC: [8] Undefined index: cols F:\Projects\WebSites\HyFrame\Runtime\Cache\User\c6d80dac29f4bb3371a39f454a43cf44.php 第 13 行.
NOTIC: [8] Undefined index: cols F:\Projects\WebSites\HyFrame\Runtime\Cache\User\c6d80dac29f4bb3371a39f454a43cf44.php 第 13 行.
NOTIC: [8] Undefined index: cols F:\Projects\WebSites\HyFrame\Runtime\Cache\User\c6d80dac29f4bb3371a39f454a43cf44.php 第 13 行.
NOTIC: [8] Undefined index: cols F:\Projects\WebSites\HyFrame\Runtime\Cache\User\c6d80dac29f4bb3371a39f454a43cf44.php 第 13 行.
NOTIC: [8] Undefined index: cols F:\Projects\WebSites\HyFrame\Runtime\Cache\User\c6d80dac29f4bb3371a39f454a43cf44.php 第 30 行.
NOTIC: [8] Undefined index: cols F:\Projects\WebSites\HyFrame\Runtime\Cache\User\c6d80dac29f4bb3371a39f454a43cf44.php 第 30 行.
NOTIC: [8] Undefined index: json F:\Projects\WebSites\HyFrame\Runtime\Cache\User\c6d80dac29f4bb3371a39f454a43cf44.php 第 47 行.
NOTIC: [8] Undefined index: json F:\Projects\WebSites\HyFrame\Runtime\Cache\User\c6d80dac29f4bb3371a39f454a43cf44.php 第 47 行.
INFO: Run Behavior\ParseTemplateBehavior [ RunTime:0.048737s ]
INFO: [ view_parse ] --END-- [ RunTime:0.048947s ]
INFO: [ view_filter ] --START--
INFO: Run Behavior\WriteHtmlCacheBehavior [ RunTime:0.000791s ]
INFO: [ view_filter ] --END-- [ RunTime:0.000977s ]
INFO: [ app_end ] --START--
INFO: Run Behavior\ShowPageTraceBehavior [ RunTime:0.001068s ]
INFO: [ app_end ] --END-- [ RunTime:0.001416s ]

[ 2015-04-28T16:02:27+08:00 ] ::1 /HyFrame/index.php/User/Teacher/ajax?q=detail
INFO: [ app_init ] --START--
INFO: Run Behavior\BuildLiteBehavior [ RunTime:0.000088s ]
INFO: [ app_init ] --END-- [ RunTime:0.001481s ]
INFO: [ app_begin ] --START--
INFO: Run Behavior\ReadHtmlCacheBehavior [ RunTime:0.000743s ]
INFO: [ app_begin ] --END-- [ RunTime:0.000959s ]
NOTIC: [2048] Declaration of Common\Model\HyFrameModel::find() should be compatible with Think\Model::find($options = Array) F:\Projects\WebSites\HyFrame\Application\Common\Model\HyFrameModel.class.php 第 12 行.
SQL: SHOW COLUMNS FROM `homyit_teacher` [ RunTime:0.0102s ]
NOTIC: [2] Missing argument 1 for Common\Model\HyAllModel::getPageOptions(), called in F:\Projects\WebSites\HyFrame\Application\Common\Model\HyAllModel.class.php on line 122 and defined F:\Projects\WebSites\HyFrame\Application\Common\Model\HyAllModel.class.php 第 130 行.
NOTIC: [8] Undefined variable: key F:\Projects\WebSites\HyFrame\Application\Common\Model\HyAllModel.class.php 第 131 行.
NOTIC: [8] Undefined index: _string F:\Projects\WebSites\HyFrame\Application\Common\Model\HyFrameModel.class.php 第 342 行.
INFO: [ action_begin ] --START--
INFO: Run Common\Behavior\HyLogBehavior [ RunTime:0.001560s ]
INFO: [ action_begin ] --END-- [ RunTime:0.001836s ]
SQL: SELECT `id`,`category`,`icon`,`message`,`url`,`type`,`create_time` FROM `homyit_frame_alert` where CONCAT(',',to_users) LIKE '%,100640,%' AND ( `read_users` is NULL OR CONCAT(',',`read_users`) NOT LIKE '%,100640,%') AND `status`=1 ORDER BY `id` DESC [ RunTime:0.0010s ]
NOTIC: [8] Undefined index: pagetitle F:\Projects\WebSites\HyFrame\Application\Common\Model\HyAllModel.class.php 第 169 行.
INFO: [ hy_log ] --START--
NOTIC: [8] Undefined variable: sql F:\Projects\WebSites\HyFrame\Application\Common\Behavior\HyLogBehavior.class.php 第 24 行.
INFO: Run Common\Behavior\HyLogBehavior [ RunTime:0.000660s ]
INFO: [ hy_log ] --END-- [ RunTime:0.000969s ]
INFO: [ hy_log ] --START--
NOTIC: [8] Undefined index: style F:\Projects\WebSites\HyFrame\Application\Common\Behavior\HyLogBehavior.class.php 第 16 行.
NOTIC: [8] Undefined index: sql F:\Projects\WebSites\HyFrame\Application\Common\Behavior\HyLogBehavior.class.php 第 18 行.
INFO: Run Common\Behavior\HyLogBehavior [ RunTime:0.000154s ]
INFO: [ hy_log ] --END-- [ RunTime:-0.000403s ]
INFO: [ hy_log ] --START--
NOTIC: [8] Undefined index: style F:\Projects\WebSites\HyFrame\Application\Common\Behavior\HyLogBehavior.class.php 第 16 行.
NOTIC: [8] Undefined index: sql F:\Projects\WebSites\HyFrame\Application\Common\Behavior\HyLogBehavior.class.php 第 18 行.
INFO: Run Common\Behavior\HyLogBehavior [ RunTime:0.000167s ]
INFO: [ hy_log ] --END-- [ RunTime:-0.000873s ]
NOTIC: [8] Undefined index: noReflect F:\Projects\WebSites\HyFrame\Application\Common\Model\HyFrameModel.class.php 第 136 行.
NOTIC: [8] Undefined index: associate F:\Projects\WebSites\HyFrame\Application\Common\Model\HyFrameModel.class.php 第 136 行.
NOTIC: [8] Undefined index: count F:\Projects\WebSites\HyFrame\Application\Common\Model\HyFrameModel.class.php 第 137 行.
NOTIC: [8] Undefined index: table F:\Projects\WebSites\HyFrame\Application\Common\Model\HyFrameModel.class.php 第 139 行.
NOTIC: [8] Undefined index: order F:\Projects\WebSites\HyFrame\Application\Common\Model\HyFrameModel.class.php 第 145 行.
NOTIC: [8] Undefined index: noOrder F:\Projects\WebSites\HyFrame\Application\Common\Model\HyFrameModel.class.php 第 145 行.
NOTIC: [8] Undefined index: field F:\Projects\WebSites\HyFrame\Application\Common\Model\HyFrameModel.class.php 第 155 行.
NOTIC: [8] Undefined index: noField F:\Projects\WebSites\HyFrame\Application\Common\Model\HyFrameModel.class.php 第 155 行.
NOTIC: [8] Undefined index: noWhere F:\Projects\WebSites\HyFrame\Application\Common\Model\HyFrameModel.class.php 第 170 行.
NOTIC: [8] Undefined index: noSearch F:\Projects\WebSites\HyFrame\Application\Common\Model\HyFrameModel.class.php 第 173 行.
NOTIC: [8] Undefined index: _string F:\Projects\WebSites\HyFrame\Application\Common\Model\HyFrameModel.class.php 第 176 行.
NOTIC: [8] Undefined index: join F:\Projects\WebSites\HyFrame\Application\Common\Model\HyFrameModel.class.php 第 189 行.
NOTIC: [8] Undefined offset: 4 F:\Projects\WebSites\HyFrame\Application\Common\Model\HyFrameModel.class.php 第 194 行.
NOTIC: [8] Undefined offset: 5 F:\Projects\WebSites\HyFrame\Application\Common\Model\HyFrameModel.class.php 第 200 行.
NOTIC: [8] Undefined offset: 4 F:\Projects\WebSites\HyFrame\Application\Common\Model\HyFrameModel.class.php 第 201 行.
NOTIC: [8] Undefined index: decrypt F:\Projects\WebSites\HyFrame\Application\Common\Model\HyFrameModel.class.php 第 218 行.
NOTIC: [8] Undefined index: scope F:\Projects\WebSites\HyFrame\Application\Common\Model\HyFrameModel.class.php 第 224 行.
SQL: SELECT hy.user_id,hy.department,hy.join_time,hy.job,hy.remark,hy.status,user.user_no,user.name,user.sex,user.phone,user.roles,user.email,user.login_last_time,user.login_times,user.avatar_file FROM `homyit_teacher` `hy` INNER JOIN `homyit_user` AS `user` ON hy.user_id = user.id  WHERE ( TRUE ) AND user.college_id = '1' AND hy.status = 1 AND hy.user_id > 10000 AND user.id = '10006' LIMIT 1   [ RunTime:0.0029s ]
NOTIC: [8] Undefined variable: query F:\Projects\WebSites\HyFrame\Application\Common\Controller\HyAllController.class.php 第 79 行.
INFO: [ view_parse ] --START--
INFO: [ template_filter ] --START--
INFO: Run Behavior\ContentReplaceBehavior [ RunTime:0.000094s ]
INFO: [ template_filter ] --END-- [ RunTime:0.000242s ]
NOTIC: [8] Undefined index: cols F:\Projects\WebSites\HyFrame\Runtime\Cache\User\c6d80dac29f4bb3371a39f454a43cf44.php 第 13 行.
NOTIC: [8] Undefined index: cols F:\Projects\WebSites\HyFrame\Runtime\Cache\User\c6d80dac29f4bb3371a39f454a43cf44.php 第 13 行.
NOTIC: [8] Undefined index: cols F:\Projects\WebSites\HyFrame\Runtime\Cache\User\c6d80dac29f4bb3371a39f454a43cf44.php 第 13 行.
NOTIC: [8] Undefined index: cols F:\Projects\WebSites\HyFrame\Runtime\Cache\User\c6d80dac29f4bb3371a39f454a43cf44.php 第 13 行.
NOTIC: [8] Undefined index: cols F:\Projects\WebSites\HyFrame\Runtime\Cache\User\c6d80dac29f4bb3371a39f454a43cf44.php 第 13 行.
NOTIC: [8] Undefined index: cols F:\Projects\WebSites\HyFrame\Runtime\Cache\User\c6d80dac29f4bb3371a39f454a43cf44.php 第 13 行.
NOTIC: [8] Undefined index: cols F:\Projects\WebSites\HyFrame\Runtime\Cache\User\c6d80dac29f4bb3371a39f454a43cf44.php 第 13 行.
NOTIC: [8] Undefined index: cols F:\Projects\WebSites\HyFrame\Runtime\Cache\User\c6d80dac29f4bb3371a39f454a43cf44.php 第 30 行.
NOTIC: [8] Undefined index: cols F:\Projects\WebSites\HyFrame\Runtime\Cache\User\c6d80dac29f4bb3371a39f454a43cf44.php 第 30 行.
NOTIC: [8] Undefined index: json F:\Projects\WebSites\HyFrame\Runtime\Cache\User\c6d80dac29f4bb3371a39f454a43cf44.php 第 47 行.
NOTIC: [8] Undefined index: json F:\Projects\WebSites\HyFrame\Runtime\Cache\User\c6d80dac29f4bb3371a39f454a43cf44.php 第 47 行.
INFO: Run Behavior\ParseTemplateBehavior [ RunTime:0.029790s ]
INFO: [ view_parse ] --END-- [ RunTime:0.030045s ]
INFO: [ view_filter ] --START--
INFO: Run Behavior\WriteHtmlCacheBehavior [ RunTime:0.004546s ]
INFO: [ view_filter ] --END-- [ RunTime:0.004763s ]
INFO: [ app_end ] --START--
INFO: Run Behavior\ShowPageTraceBehavior [ RunTime:0.001623s ]
INFO: [ app_end ] --END-- [ RunTime:0.001849s ]

[ 2015-04-28T16:02:30+08:00 ] ::1 /HyFrame/index.php/User/Teacher/ajax?q=detail
INFO: [ app_init ] --START--
INFO: Run Behavior\BuildLiteBehavior [ RunTime:0.000051s ]
INFO: [ app_init ] --END-- [ RunTime:0.002279s ]
INFO: [ app_begin ] --START--
INFO: Run Behavior\ReadHtmlCacheBehavior [ RunTime:0.000788s ]
INFO: [ app_begin ] --END-- [ RunTime:0.000983s ]
NOTIC: [2048] Declaration of Common\Model\HyFrameModel::find() should be compatible with Think\Model::find($options = Array) F:\Projects\WebSites\HyFrame\Application\Common\Model\HyFrameModel.class.php 第 12 行.
SQL: SHOW COLUMNS FROM `homyit_teacher` [ RunTime:0.0053s ]
NOTIC: [2] Missing argument 1 for Common\Model\HyAllModel::getPageOptions(), called in F:\Projects\WebSites\HyFrame\Application\Common\Model\HyAllModel.class.php on line 122 and defined F:\Projects\WebSites\HyFrame\Application\Common\Model\HyAllModel.class.php 第 130 行.
NOTIC: [8] Undefined variable: key F:\Projects\WebSites\HyFrame\Application\Common\Model\HyAllModel.class.php 第 131 行.
NOTIC: [8] Undefined index: _string F:\Projects\WebSites\HyFrame\Application\Common\Model\HyFrameModel.class.php 第 342 行.
INFO: [ action_begin ] --START--
INFO: Run Common\Behavior\HyLogBehavior [ RunTime:0.001675s ]
INFO: [ action_begin ] --END-- [ RunTime:0.001894s ]
SQL: SELECT `id`,`category`,`icon`,`message`,`url`,`type`,`create_time` FROM `homyit_frame_alert` where CONCAT(',',to_users) LIKE '%,100640,%' AND ( `read_users` is NULL OR CONCAT(',',`read_users`) NOT LIKE '%,100640,%') AND `status`=1 ORDER BY `id` DESC [ RunTime:0.0013s ]
NOTIC: [8] Undefined index: pagetitle F:\Projects\WebSites\HyFrame\Application\Common\Model\HyAllModel.class.php 第 169 行.
INFO: [ hy_log ] --START--
NOTIC: [8] Undefined variable: sql F:\Projects\WebSites\HyFrame\Application\Common\Behavior\HyLogBehavior.class.php 第 24 行.
INFO: Run Common\Behavior\HyLogBehavior [ RunTime:0.000131s ]
INFO: [ hy_log ] --END-- [ RunTime:0.000307s ]
INFO: [ hy_log ] --START--
NOTIC: [8] Undefined index: style F:\Projects\WebSites\HyFrame\Application\Common\Behavior\HyLogBehavior.class.php 第 16 行.
NOTIC: [8] Undefined index: sql F:\Projects\WebSites\HyFrame\Application\Common\Behavior\HyLogBehavior.class.php 第 18 行.
INFO: Run Common\Behavior\HyLogBehavior [ RunTime:0.000199s ]
INFO: [ hy_log ] --END-- [ RunTime:-0.000203s ]
INFO: [ hy_log ] --START--
NOTIC: [8] Undefined index: style F:\Projects\WebSites\HyFrame\Application\Common\Behavior\HyLogBehavior.class.php 第 16 行.
NOTIC: [8] Undefined index: sql F:\Projects\WebSites\HyFrame\Application\Common\Behavior\HyLogBehavior.class.php 第 18 行.
INFO: Run Common\Behavior\HyLogBehavior [ RunTime:0.000184s ]
INFO: [ hy_log ] --END-- [ RunTime:-0.000790s ]
NOTIC: [8] Undefined index: noReflect F:\Projects\WebSites\HyFrame\Application\Common\Model\HyFrameModel.class.php 第 136 行.
NOTIC: [8] Undefined index: associate F:\Projects\WebSites\HyFrame\Application\Common\Model\HyFrameModel.class.php 第 136 行.
NOTIC: [8] Undefined index: count F:\Projects\WebSites\HyFrame\Application\Common\Model\HyFrameModel.class.php 第 137 行.
NOTIC: [8] Undefined index: table F:\Projects\WebSites\HyFrame\Application\Common\Model\HyFrameModel.class.php 第 139 行.
NOTIC: [8] Undefined index: order F:\Projects\WebSites\HyFrame\Application\Common\Model\HyFrameModel.class.php 第 145 行.
NOTIC: [8] Undefined index: noOrder F:\Projects\WebSites\HyFrame\Application\Common\Model\HyFrameModel.class.php 第 145 行.
NOTIC: [8] Undefined index: field F:\Projects\WebSites\HyFrame\Application\Common\Model\HyFrameModel.class.php 第 155 行.
NOTIC: [8] Undefined index: noField F:\Projects\WebSites\HyFrame\Application\Common\Model\HyFrameModel.class.php 第 155 行.
NOTIC: [8] Undefined index: noWhere F:\Projects\WebSites\HyFrame\Application\Common\Model\HyFrameModel.class.php 第 170 行.
NOTIC: [8] Undefined index: noSearch F:\Projects\WebSites\HyFrame\Application\Common\Model\HyFrameModel.class.php 第 173 行.
NOTIC: [8] Undefined index: _string F:\Projects\WebSites\HyFrame\Application\Common\Model\HyFrameModel.class.php 第 176 行.
NOTIC: [8] Undefined index: join F:\Projects\WebSites\HyFrame\Application\Common\Model\HyFrameModel.class.php 第 189 行.
NOTIC: [8] Undefined offset: 4 F:\Projects\WebSites\HyFrame\Application\Common\Model\HyFrameModel.class.php 第 194 行.
NOTIC: [8] Undefined offset: 5 F:\Projects\WebSites\HyFrame\Application\Common\Model\HyFrameModel.class.php 第 200 行.
NOTIC: [8] Undefined offset: 4 F:\Projects\WebSites\HyFrame\Application\Common\Model\HyFrameModel.class.php 第 201 行.
NOTIC: [8] Undefined index: decrypt F:\Projects\WebSites\HyFrame\Application\Common\Model\HyFrameModel.class.php 第 218 行.
NOTIC: [8] Undefined index: scope F:\Projects\WebSites\HyFrame\Application\Common\Model\HyFrameModel.class.php 第 224 行.
SQL: SELECT hy.user_id,hy.department,hy.join_time,hy.job,hy.remark,hy.status,user.user_no,user.name,user.sex,user.phone,user.roles,user.email,user.login_last_time,user.login_times,user.avatar_file FROM `homyit_teacher` `hy` INNER JOIN `homyit_user` AS `user` ON hy.user_id = user.id  WHERE ( TRUE ) AND user.college_id = '1' AND hy.status = 1 AND hy.user_id > 10000 AND user.id = '10001' LIMIT 1   [ RunTime:0.0007s ]
SQL: SHOW COLUMNS FROM `homyit_frame_file` [ RunTime:0.0086s ]
NOTIC: [8] Undefined index: _string F:\Projects\WebSites\HyFrame\Application\Common\Model\HyFrameModel.class.php 第 342 行.
NOTIC: [2] Missing argument 1 for Common\Model\HyFrameModel::find(), called in F:\Projects\WebSites\HyFrame\HomyitCore\Library\Think\Model.class.php on line 232 and defined F:\Projects\WebSites\HyFrame\Application\Common\Model\HyFrameModel.class.php 第 244 行.
NOTIC: [8] Undefined variable: options F:\Projects\WebSites\HyFrame\Application\Common\Model\HyFrameModel.class.php 第 245 行.
NOTIC: [8] Undefined variable: options F:\Projects\WebSites\HyFrame\Application\Common\Model\HyFrameModel.class.php 第 245 行.
NOTIC: [8] Undefined variable: options F:\Projects\WebSites\HyFrame\Application\Common\Model\HyFrameModel.class.php 第 245 行.
NOTIC: [8] Undefined variable: options F:\Projects\WebSites\HyFrame\Application\Common\Model\HyFrameModel.class.php 第 250 行.
SQL: SELECT * FROM `homyit_frame_file` WHERE `id` = 147 LIMIT 1   [ RunTime:0.0019s ]
NOTIC: [8] Undefined variable: query F:\Projects\WebSites\HyFrame\Application\Common\Controller\HyAllController.class.php 第 79 行.
INFO: [ view_parse ] --START--
INFO: [ template_filter ] --START--
INFO: Run Behavior\ContentReplaceBehavior [ RunTime:0.000096s ]
INFO: [ template_filter ] --END-- [ RunTime:0.000228s ]
NOTIC: [8] Undefined index: cols F:\Projects\WebSites\HyFrame\Runtime\Cache\User\c6d80dac29f4bb3371a39f454a43cf44.php 第 13 行.
NOTIC: [8] Undefined index: cols F:\Projects\WebSites\HyFrame\Runtime\Cache\User\c6d80dac29f4bb3371a39f454a43cf44.php 第 13 行.
NOTIC: [8] Undefined index: cols F:\Projects\WebSites\HyFrame\Runtime\Cache\User\c6d80dac29f4bb3371a39f454a43cf44.php 第 13 行.
NOTIC: [8] Undefined index: cols F:\Projects\WebSites\HyFrame\Runtime\Cache\User\c6d80dac29f4bb3371a39f454a43cf44.php 第 13 行.
NOTIC: [8] Undefined index: cols F:\Projects\WebSites\HyFrame\Runtime\Cache\User\c6d80dac29f4bb3371a39f454a43cf44.php 第 13 行.
NOTIC: [8] Undefined index: cols F:\Projects\WebSites\HyFrame\Runtime\Cache\User\c6d80dac29f4bb3371a39f454a43cf44.php 第 13 行.
NOTIC: [8] Undefined index: cols F:\Projects\WebSites\HyFrame\Runtime\Cache\User\c6d80dac29f4bb3371a39f454a43cf44.php 第 13 行.
NOTIC: [8] Undefined index: cols F:\Projects\WebSites\HyFrame\Runtime\Cache\User\c6d80dac29f4bb3371a39f454a43cf44.php 第 30 行.
NOTIC: [8] Undefined index: cols F:\Projects\WebSites\HyFrame\Runtime\Cache\User\c6d80dac29f4bb3371a39f454a43cf44.php 第 30 行.
NOTIC: [8] Undefined index: json F:\Projects\WebSites\HyFrame\Runtime\Cache\User\c6d80dac29f4bb3371a39f454a43cf44.php 第 47 行.
NOTIC: [8] Undefined index: json F:\Projects\WebSites\HyFrame\Runtime\Cache\User\c6d80dac29f4bb3371a39f454a43cf44.php 第 47 行.
INFO: Run Behavior\ParseTemplateBehavior [ RunTime:0.030662s ]
INFO: [ view_parse ] --END-- [ RunTime:0.030961s ]
INFO: [ view_filter ] --START--
INFO: Run Behavior\WriteHtmlCacheBehavior [ RunTime:0.001217s ]
INFO: [ view_filter ] --END-- [ RunTime:0.001424s ]
INFO: [ app_end ] --START--
INFO: Run Behavior\ShowPageTraceBehavior [ RunTime:0.003635s ]
INFO: [ app_end ] --END-- [ RunTime:0.004268s ]

[ 2015-04-28T16:02:32+08:00 ] ::1 /HyFrame/index.php/User/Teacher/ajax?q=detail
INFO: [ app_init ] --START--
INFO: Run Behavior\BuildLiteBehavior [ RunTime:0.000055s ]
INFO: [ app_init ] --END-- [ RunTime:0.000824s ]
INFO: [ app_begin ] --START--
INFO: Run Behavior\ReadHtmlCacheBehavior [ RunTime:0.001276s ]
INFO: [ app_begin ] --END-- [ RunTime:0.001532s ]
NOTIC: [2048] Declaration of Common\Model\HyFrameModel::find() should be compatible with Think\Model::find($options = Array) F:\Projects\WebSites\HyFrame\Application\Common\Model\HyFrameModel.class.php 第 12 行.
SQL: SHOW COLUMNS FROM `homyit_teacher` [ RunTime:0.0111s ]
NOTIC: [2] Missing argument 1 for Common\Model\HyAllModel::getPageOptions(), called in F:\Projects\WebSites\HyFrame\Application\Common\Model\HyAllModel.class.php on line 122 and defined F:\Projects\WebSites\HyFrame\Application\Common\Model\HyAllModel.class.php 第 130 行.
NOTIC: [8] Undefined variable: key F:\Projects\WebSites\HyFrame\Application\Common\Model\HyAllModel.class.php 第 131 行.
NOTIC: [8] Undefined index: _string F:\Projects\WebSites\HyFrame\Application\Common\Model\HyFrameModel.class.php 第 342 行.
INFO: [ action_begin ] --START--
INFO: Run Common\Behavior\HyLogBehavior [ RunTime:0.001011s ]
INFO: [ action_begin ] --END-- [ RunTime:0.001138s ]
SQL: SELECT `id`,`category`,`icon`,`message`,`url`,`type`,`create_time` FROM `homyit_frame_alert` where CONCAT(',',to_users) LIKE '%,100640,%' AND ( `read_users` is NULL OR CONCAT(',',`read_users`) NOT LIKE '%,100640,%') AND `status`=1 ORDER BY `id` DESC [ RunTime:0.0011s ]
NOTIC: [8] Undefined index: pagetitle F:\Projects\WebSites\HyFrame\Application\Common\Model\HyAllModel.class.php 第 169 行.
INFO: [ hy_log ] --START--
NOTIC: [8] Undefined variable: sql F:\Projects\WebSites\HyFrame\Application\Common\Behavior\HyLogBehavior.class.php 第 24 行.
INFO: Run Common\Behavior\HyLogBehavior [ RunTime:0.000147s ]
INFO: [ hy_log ] --END-- [ RunTime:0.000365s ]
INFO: [ hy_log ] --START--
NOTIC: [8] Undefined index: style F:\Projects\WebSites\HyFrame\Application\Common\Behavior\HyLogBehavior.class.php 第 16 行.
NOTIC: [8] Undefined index: sql F:\Projects\WebSites\HyFrame\Application\Common\Behavior\HyLogBehavior.class.php 第 18 行.
INFO: Run Common\Behavior\HyLogBehavior [ RunTime:0.000105s ]
INFO: [ hy_log ] --END-- [ RunTime:-0.000224s ]
INFO: [ hy_log ] --START--
NOTIC: [8] Undefined index: style F:\Projects\WebSites\HyFrame\Application\Common\Behavior\HyLogBehavior.class.php 第 16 行.
NOTIC: [8] Undefined index: sql F:\Projects\WebSites\HyFrame\Application\Common\Behavior\HyLogBehavior.class.php 第 18 行.
INFO: Run Common\Behavior\HyLogBehavior [ RunTime:0.000097s ]
INFO: [ hy_log ] --END-- [ RunTime:-0.000544s ]
NOTIC: [8] Undefined index: noReflect F:\Projects\WebSites\HyFrame\Application\Common\Model\HyFrameModel.class.php 第 136 行.
NOTIC: [8] Undefined index: associate F:\Projects\WebSites\HyFrame\Application\Common\Model\HyFrameModel.class.php 第 136 行.
NOTIC: [8] Undefined index: count F:\Projects\WebSites\HyFrame\Application\Common\Model\HyFrameModel.class.php 第 137 行.
NOTIC: [8] Undefined index: table F:\Projects\WebSites\HyFrame\Application\Common\Model\HyFrameModel.class.php 第 139 行.
NOTIC: [8] Undefined index: order F:\Projects\WebSites\HyFrame\Application\Common\Model\HyFrameModel.class.php 第 145 行.
NOTIC: [8] Undefined index: noOrder F:\Projects\WebSites\HyFrame\Application\Common\Model\HyFrameModel.class.php 第 145 行.
NOTIC: [8] Undefined index: field F:\Projects\WebSites\HyFrame\Application\Common\Model\HyFrameModel.class.php 第 155 行.
NOTIC: [8] Undefined index: noField F:\Projects\WebSites\HyFrame\Application\Common\Model\HyFrameModel.class.php 第 155 行.
NOTIC: [8] Undefined index: noWhere F:\Projects\WebSites\HyFrame\Application\Common\Model\HyFrameModel.class.php 第 170 行.
NOTIC: [8] Undefined index: noSearch F:\Projects\WebSites\HyFrame\Application\Common\Model\HyFrameModel.class.php 第 173 行.
NOTIC: [8] Undefined index: _string F:\Projects\WebSites\HyFrame\Application\Common\Model\HyFrameModel.class.php 第 176 行.
NOTIC: [8] Undefined index: join F:\Projects\WebSites\HyFrame\Application\Common\Model\HyFrameModel.class.php 第 189 行.
NOTIC: [8] Undefined offset: 4 F:\Projects\WebSites\HyFrame\Application\Common\Model\HyFrameModel.class.php 第 194 行.
NOTIC: [8] Undefined offset: 5 F:\Projects\WebSites\HyFrame\Application\Common\Model\HyFrameModel.class.php 第 200 行.
NOTIC: [8] Undefined offset: 4 F:\Projects\WebSites\HyFrame\Application\Common\Model\HyFrameModel.class.php 第 201 行.
NOTIC: [8] Undefined index: decrypt F:\Projects\WebSites\HyFrame\Application\Common\Model\HyFrameModel.class.php 第 218 行.
NOTIC: [8] Undefined index: scope F:\Projects\WebSites\HyFrame\Application\Common\Model\HyFrameModel.class.php 第 224 行.
SQL: SELECT hy.user_id,hy.department,hy.join_time,hy.job,hy.remark,hy.status,user.user_no,user.name,user.sex,user.phone,user.roles,user.email,user.login_last_time,user.login_times,user.avatar_file FROM `homyit_teacher` `hy` INNER JOIN `homyit_user` AS `user` ON hy.user_id = user.id  WHERE ( TRUE ) AND user.college_id = '1' AND hy.status = 1 AND hy.user_id > 10000 AND user.id = '10002' LIMIT 1   [ RunTime:0.0015s ]
SQL: SHOW COLUMNS FROM `homyit_frame_file` [ RunTime:0.0038s ]
NOTIC: [8] Undefined index: _string F:\Projects\WebSites\HyFrame\Application\Common\Model\HyFrameModel.class.php 第 342 行.
NOTIC: [2] Missing argument 1 for Common\Model\HyFrameModel::find(), called in F:\Projects\WebSites\HyFrame\HomyitCore\Library\Think\Model.class.php on line 232 and defined F:\Projects\WebSites\HyFrame\Application\Common\Model\HyFrameModel.class.php 第 244 行.
NOTIC: [8] Undefined variable: options F:\Projects\WebSites\HyFrame\Application\Common\Model\HyFrameModel.class.php 第 245 行.
NOTIC: [8] Undefined variable: options F:\Projects\WebSites\HyFrame\Application\Common\Model\HyFrameModel.class.php 第 245 行.
NOTIC: [8] Undefined variable: options F:\Projects\WebSites\HyFrame\Application\Common\Model\HyFrameModel.class.php 第 245 行.
NOTIC: [8] Undefined variable: options F:\Projects\WebSites\HyFrame\Application\Common\Model\HyFrameModel.class.php 第 250 行.
SQL: SELECT * FROM `homyit_frame_file` WHERE `id` = 237 LIMIT 1   [ RunTime:0.0004s ]
NOTIC: [8] Undefined variable: query F:\Projects\WebSites\HyFrame\Application\Common\Controller\HyAllController.class.php 第 79 行.
INFO: [ view_parse ] --START--
INFO: [ template_filter ] --START--
INFO: Run Behavior\ContentReplaceBehavior [ RunTime:0.000133s ]
INFO: [ template_filter ] --END-- [ RunTime:0.000422s ]
NOTIC: [8] Undefined index: cols F:\Projects\WebSites\HyFrame\Runtime\Cache\User\c6d80dac29f4bb3371a39f454a43cf44.php 第 13 行.
NOTIC: [8] Undefined index: cols F:\Projects\WebSites\HyFrame\Runtime\Cache\User\c6d80dac29f4bb3371a39f454a43cf44.php 第 13 行.
NOTIC: [8] Undefined index: cols F:\Projects\WebSites\HyFrame\Runtime\Cache\User\c6d80dac29f4bb3371a39f454a43cf44.php 第 13 行.
NOTIC: [8] Undefined index: cols F:\Projects\WebSites\HyFrame\Runtime\Cache\User\c6d80dac29f4bb3371a39f454a43cf44.php 第 13 行.
NOTIC: [8] Undefined index: cols F:\Projects\WebSites\HyFrame\Runtime\Cache\User\c6d80dac29f4bb3371a39f454a43cf44.php 第 13 行.
NOTIC: [8] Undefined index: cols F:\Projects\WebSites\HyFrame\Runtime\Cache\User\c6d80dac29f4bb3371a39f454a43cf44.php 第 13 行.
NOTIC: [8] Undefined index: cols F:\Projects\WebSites\HyFrame\Runtime\Cache\User\c6d80dac29f4bb3371a39f454a43cf44.php 第 13 行.
NOTIC: [8] Undefined index: cols F:\Projects\WebSites\HyFrame\Runtime\Cache\User\c6d80dac29f4bb3371a39f454a43cf44.php 第 30 行.
NOTIC: [8] Undefined index: cols F:\Projects\WebSites\HyFrame\Runtime\Cache\User\c6d80dac29f4bb3371a39f454a43cf44.php 第 30 行.
NOTIC: [8] Undefined index: json F:\Projects\WebSites\HyFrame\Runtime\Cache\User\c6d80dac29f4bb3371a39f454a43cf44.php 第 47 行.
NOTIC: [8] Undefined index: json F:\Projects\WebSites\HyFrame\Runtime\Cache\User\c6d80dac29f4bb3371a39f454a43cf44.php 第 47 行.
INFO: Run Behavior\ParseTemplateBehavior [ RunTime:0.033334s ]
INFO: [ view_parse ] --END-- [ RunTime:0.033877s ]
INFO: [ view_filter ] --START--
INFO: Run Behavior\WriteHtmlCacheBehavior [ RunTime:0.000525s ]
INFO: [ view_filter ] --END-- [ RunTime:0.000631s ]
INFO: [ app_end ] --START--
INFO: Run Behavior\ShowPageTraceBehavior [ RunTime:0.000636s ]
INFO: [ app_end ] --END-- [ RunTime:0.000751s ]

